desc: I1 cache:         32768 B, 64 B, 8-way associative
desc: D1 cache:         32768 B, 64 B, 8-way associative
desc: LL cache:         3145728 B, 64 B, 12-way associative
cmd: ./target/release/ruwi
events: Ir I1mr ILmr Dr D1mr DLmr Dw D1mw DLmw 
fl=/build/gcc/src/gcc-build/gcc/include/cpuid.h
fn=__cpu_indicator_init@GCC_4.8.0
264 4 0 0 0 0 0 0 0 0
285 4 0 0 0 0 0 0 0 0
288 8 0 0 0 0 0 0 0 0
fl=/build/gcc/src/gcc/libgcc/config/i386/cpuinfo.c
fn=__cpu_indicator_init@GCC_4.8.0
125 2 0 0 0 0 0 0 0 0
133 7 0 0 1 1 1 0 0 0
183 2 1 1 0 0 0 1 0 0
185 1 1 1 0 0 0 0 0 0
425 3 1 1 0 0 0 2 0 0
434 4 0 0 2 2 0 0 0 0
435 1 0 0 0 0 0 0 0 0
447 2 1 1 0 0 0 0 0 0
459 3 0 0 0 0 0 0 0 0
460 3 0 0 0 0 0 0 0 0
462 3 0 0 0 0 0 0 0 0
465 2 1 1 0 0 0 0 0 0
473 2 0 0 0 0 0 0 0 0
474 2 1 1 0 0 0 0 0 0
479 2 0 0 0 0 0 1 0 0
480 1 0 0 0 0 0 1 0 0
504 2 0 0 0 0 0 0 0 0
505 4 0 0 3 0 0 0 0 0
fn=get_available_features
258 2 1 1 0 0 0 1 0 0
282 2 0 0 0 0 0 0 0 0
288 2 0 0 0 0 0 0 0 0
291 4 0 0 0 0 0 0 0 0
293 1 0 0 0 0 0 0 0 0
294 1 1 1 0 0 0 0 0 0
295 4 0 0 0 0 0 0 0 0
309 3 1 1 0 0 0 0 0 0
312 4 0 0 0 0 0 0 0 0
314 4 0 0 0 0 0 0 0 0
316 4 0 0 0 0 0 0 0 0
318 4 1 1 0 0 0 0 0 0
320 4 0 0 0 0 0 0 0 0
322 4 0 0 0 0 0 0 0 0
324 4 0 0 0 0 0 0 0 0
326 4 1 1 0 0 0 0 0 0
328 4 0 0 0 0 0 0 0 0
330 4 0 0 0 0 0 0 0 0
331 2 0 0 0 0 0 0 0 0
333 2 0 0 0 0 0 0 0 0
334 1 1 1 0 0 0 0 0 0
335 2 0 0 0 0 0 0 0 0
340 2 0 0 0 0 0 0 0 0
342 3 0 0 0 0 0 0 0 0
343 2 0 0 0 0 0 0 0 0
345 2 0 0 0 0 0 0 0 0
347 2 0 0 0 0 0 0 0 0
350 2 0 0 0 0 0 0 0 0
352 2 1 1 0 0 0 0 0 0
392 2 0 0 0 0 0 0 0 0
394 2 0 0 0 0 0 0 0 0
396 2 0 0 0 0 0 0 0 0
398 2 0 0 0 0 0 0 0 0
400 2 0 0 0 0 0 0 0 0
402 2 0 0 0 0 0 0 0 0
404 2 1 1 0 0 0 0 0 0
409 2 0 0 1 0 0 1 0 0
415 2 0 0 2 0 0 0 0 0
fl=/cargo/registry/src/github.com-1ecc6299db9ec823/compiler_builtins-0.1.18/src/probestack.rs
fn=__rust_probestack
55 38 6 2 4 0 0 0 0 0
fl=/cargo/registry/src/github.com-1ecc6299db9ec823/hashbrown-0.6.2/src/raw/mod.rs
fn=hashbrown::raw::bucket_mask_to_capacity
0 5 0 0 0 0 0 0 0 0
202 18 1 0 0 0 0 0 0 0
203 36 0 0 0 0 0 0 0 0
209 20 0 0 0 0 0 0 0 0
211 18 0 0 18 0 0 0 0 0
fn=hashbrown::raw::capacity_to_buckets
0 15 0 0 0 0 0 0 0 0
182 18 2 1 0 0 0 0 0 0
184 12 0 0 0 0 0 0 0 0
190 18 0 0 0 0 0 0 0 0
197 9 0 0 9 0 0 0 0 0
fl=/cargo/registry/src/github.com-1ecc6299db9ec823/hashbrown-0.6.2/src/raw/sse2.rs
fn=hashbrown::raw::sse2::Group::static_empty
41 9 3 1 3 0 0 0 0 0
fl=/cargo/registry/src/github.com-1ecc6299db9ec823/libc-0.2.64/src/unix/linux_like/linux/mod.rs
fn=std::sys::unix::fs::try_statx
2262 130 1 1 130 0 0 0 0 0
2265 390 0 0 0 0 0 0 0 0
2266 390 0 0 0 0 0 0 0 0
2267 260 0 0 0 0 0 0 0 0
2268 390 0 0 0 0 0 0 0 0
fl=/rustc/73528e339aae0f17a15ffa49a8ac608f50c6cf14//src/liballoc/alloc.rs
fn=<alloc::string::String as core::clone::Clone>::clone
84 8 0 0 2 0 0 2 0 0
fn=alloc::fmt::format
84 3 0 0 1 0 0 1 0 0
fl=/rustc/73528e339aae0f17a15ffa49a8ac608f50c6cf14//src/liballoc/fmt.rs
fn=alloc::fmt::format
568 7 1 1 0 0 0 4 0 0
574 4 0 0 2 0 0 2 0 0
575 7 0 0 5 0 0 0 0 0
fl=/rustc/73528e339aae0f17a15ffa49a8ac608f50c6cf14//src/liballoc/raw_vec.rs
fn=<alloc::string::String as core::clone::Clone>::clone
90 4 0 0 0 0 0 0 0 0
101 4 0 0 0 0 0 0 0 0
225 2 0 0 2 0 0 0 0 0
fn=<alloc::vec::Vec<T> as alloc::vec::SpecExtend<&T,core::slice::Iter<T>>>::spec_extend
225 22 1 1 11 0 0 0 0 0
236 11 0 0 11 0 0 0 0 0
677 22 0 0 0 0 0 0 0 0
fn=alloc::fmt::format
90 2 0 0 0 0 0 0 0 0
101 2 0 0 0 0 0 0 0 0
fl=/rustc/73528e339aae0f17a15ffa49a8ac608f50c6cf14//src/liballoc/string.rs
fn=<alloc::string::String as core::clone::Clone>::clone
1725 12 1 1 0 0 0 10 1 0
1726 6 0 0 0 0 0 6 0 0
1727 14 0 0 10 0 0 0 0 0
fn=alloc::fmt::format
415 5 1 1 0 0 0 4 0 0
fn=alloc::string::<impl core::convert::From<alloc::string::String> for alloc::vec::Vec<u8>>::from
2345 1 1 1 0 0 0 0 0 0
2346 4 0 0 2 0 0 2 0 0
2347 1 0 0 1 0 0 0 0 0
fn=alloc::string::String::from_utf8_lossy
0 25 2 1 5 0 0 15 0 0
553 45 2 1 0 0 0 30 0 0
554 50 0 0 10 1 0 20 0 0
556 25 2 1 15 0 0 5 0 0
558 10 0 0 0 0 0 0 0 0
560 10 0 0 0 0 0 5 0 0
583 45 2 1 35 0 0 0 0 0
fl=/rustc/73528e339aae0f17a15ffa49a8ac608f50c6cf14//src/liballoc/vec.rs
fn=<&mut W as core::fmt::Write>::write_str
1510 11 0 0 0 0 0 11 0 0
fn=<alloc::string::String as core::clone::Clone>::clone
1883 2 1 1 2 0 0 0 0 0
fn=<alloc::vec::Vec<T> as alloc::vec::SpecExtend<&T,core::slice::Iter<T>>>::spec_extend
501 11 0 0 11 0 0 0 0 0
938 11 1 1 0 0 0 11 0 0
2088 88 1 1 0 0 0 55 0 0
2093 11 0 0 0 0 0 0 0 0
fl=/rustc/73528e339aae0f17a15ffa49a8ac608f50c6cf14//src/libcore/char/methods.rs
fn=core::num::<impl core::str::FromStr for u64>::from_str
0 12 0 0 0 0 0 0 0 0
121 6 0 0 0 0 0 0 0 0
fn=core::str::<impl str>::trim
650 135 2 2 0 0 0 0 0 0
651 36 0 0 0 0 0 0 0 0
fl=/rustc/73528e339aae0f17a15ffa49a8ac608f50c6cf14//src/libcore/cmp.rs
fn=core::fmt::write
0 3 0 0 0 0 0 0 0 0
915 3 0 0 0 0 0 0 0 0
fn=core::slice::memchr::memchr
0 264 0 0 0 0 0 0 0 0
915 264 0 0 0 0 0 0 0 0
fn=core::str::pattern::StrSearcher::new
0 60 0 0 0 0 0 0 0 0
978 60 0 0 0 0 0 0 0 0
fl=/rustc/73528e339aae0f17a15ffa49a8ac608f50c6cf14//src/libcore/fmt/mod.rs
fn=<str as core::fmt::Display>::fmt
1988 18 2 1 0 0 0 0 0 0
1989 12 0 0 6 0 0 0 0 0
fn=core::fmt::Formatter::pad
0 90 2 1 60 0 0 0 0 0
1272 60 4 2 0 0 0 42 0 0
1274 12 0 0 0 0 0 0 0 0
fn=core::fmt::Formatter::write_str
1446 5 1 1 3 0 0 0 0 0
fn=core::fmt::write
0 18 2 1 3 0 0 0 0 0
1009 24 2 1 0 0 0 18 1 1
1010 30 2 1 0 0 0 30 1 1
1017 6 0 0 6 0 0 0 0 0
1024 9 0 0 3 0 0 0 0 0
1026 6 2 1 6 0 0 0 0 0
1027 50 0 0 29 5 0 7 1 1
1028 35 2 1 14 0 0 7 0 0
1029 4 0 0 0 0 0 0 0 0
1044 3 0 0 0 0 0 0 0 0
1045 18 0 0 10 0 0 2 0 0
1049 27 2 1 21 0 0 0 0 0
fl=/rustc/73528e339aae0f17a15ffa49a8ac608f50c6cf14//src/libcore/iter/adapters/zip.rs
fn=core::fmt::write
0 3 0 0 0 0 0 3 0 0
163 20 0 0 0 0 0 0 0 0
fl=/rustc/73528e339aae0f17a15ffa49a8ac608f50c6cf14//src/libcore/iter/traits/iterator.rs
fn=core::slice::memchr::memchr
1708 1462 0 0 0 0 0 0 0 0
1709 8318 0 0 0 0 0 0 0 0
fl=/rustc/73528e339aae0f17a15ffa49a8ac608f50c6cf14//src/libcore/num/mod.rs
fn=core::num::<impl core::str::FromStr for u64>::from_str
0 28 2 1 0 0 0 4 0 0
3349 6 0 0 0 0 0 0 0 0
3404 6 0 0 0 0 0 0 0 0
4674 4 2 1 0 0 0 0 0 0
4676 8 0 0 4 0 0 0 0 0
4950 6 0 0 0 0 0 0 0 0
4964 4 0 0 0 0 0 0 0 0
4977 8 0 0 4 0 0 0 0 0
4989 6 0 0 6 0 0 0 0 0
4995 6 0 0 0 0 0 0 0 0
4999 12 0 0 0 0 0 0 0 0
5020 12 0 0 0 0 0 4 0 0
fn=core::slice::memchr::memchr
3073 1056 0 0 0 0 0 0 0 0
fn=core::str::run_utf8_validation
3073 284 0 0 0 0 0 0 0 0
fl=/rustc/73528e339aae0f17a15ffa49a8ac608f50c6cf14//src/libcore/option.rs
fn=core::fmt::Formatter::pad
186 12 0 0 6 0 0 0 0 0
fn=core::slice::memchr::memchr
447 335 0 0 0 0 0 0 0 0
fl=/rustc/73528e339aae0f17a15ffa49a8ac608f50c6cf14//src/libcore/ptr/mod.rs
fn=core::fmt::write
1166 12 0 0 0 0 0 0 0 0
fn=core::slice::memchr::memchr
1166 335 2 1 0 0 0 0 0 0
2635 1077 0 0 0 0 0 0 0 0
2637 359 0 0 0 0 0 0 0 0
fn=core::str::<impl str>::trim
1166 60 2 2 0 0 0 0 0 0
fn=core::str::pattern::StrSearcher::new
1166 180 0 0 0 0 0 0 0 0
fn=core::str::run_utf8_validation
2635 136 0 0 0 0 0 0 0 0
2637 136 0 0 0 0 0 0 0 0
fl=/rustc/73528e339aae0f17a15ffa49a8ac608f50c6cf14//src/libcore/result.rs
fn=core::str::from_utf8
1438 408 64 1 272 0 0 136 0 0
fl=/rustc/73528e339aae0f17a15ffa49a8ac608f50c6cf14//src/libcore/slice/memchr.rs
fn=core::slice::memchr::memchr
0 3270 61 1 528 0 0 0 0 0
23 2640 0 0 528 0 0 0 0 0
39 1077 10 1 0 0 0 1077 0 0
52 623 62 1 0 0 0 0 0 0
54 1035 0 0 1011 0 0 0 0 0
62 670 60 0 0 0 0 0 0 0
63 1402 0 0 0 0 0 0 0 0
69 1584 0 0 0 0 0 0 0 0
70 1584 0 0 0 0 0 0 0 0
71 1056 60 0 0 0 0 0 0 0
75 206 0 0 0 0 0 0 0 0
80 3479 0 0 3148 0 0 0 0 0
81 1795 2 1 1077 0 0 0 0 0
fl=/rustc/73528e339aae0f17a15ffa49a8ac608f50c6cf14//src/libcore/slice/mod.rs
fn=<core::str::lossy::Utf8LossyChunksIter as core::iter::traits::iterator::Iterator>::next
85 5 0 0 0 0 0 0 0 0
fn=core::fmt::write
2763 3 0 0 0 0 0 0 0 0
fn=core::num::<impl core::str::FromStr for u64>::from_str
0 6 0 0 0 0 0 0 0 0
3097 10 2 1 0 0 0 0 0 0
3220 10 0 0 0 0 0 0 0 0
fn=core::slice::memchr::memchr
2844 658 0 0 0 0 0 0 0 0
3097 5654 0 0 0 0 0 0 0 0
3216 670 0 0 0 0 0 0 0 0
3220 4403 0 0 0 0 0 0 0 0
3277 2130 18 1 0 0 0 0 0 0
fn=core::str::<impl str>::trim
0 138 1 1 0 0 0 0 0 0
3097 33 0 0 0 0 0 0 0 0
3175 72 0 0 0 0 0 0 0 0
3199 9 1 1 0 0 0 0 0 0
3220 24 0 0 0 0 0 0 0 0
3313 9 0 0 0 0 0 0 0 0
fn=core::str::pattern::StrSearcher::new
0 120 0 0 0 0 0 60 0 0
2763 600 0 0 0 0 0 0 0 0
2844 60 0 0 0 0 0 0 0 0
2846 240 0 0 0 0 0 0 0 0
3097 120 0 0 0 0 0 0 0 0
3220 1380 62 3 60 0 0 0 0 0
5456 120 0 0 0 0 0 0 0 0
5461 420 1 1 60 0 0 60 0 0
fl=/rustc/73528e339aae0f17a15ffa49a8ac608f50c6cf14//src/libcore/str/lossy.rs
fn=<core::str::lossy::Utf8LossyChunksIter as core::iter::traits::iterator::Iterator>::next
0 222 2 1 5 0 0 0 0 0
48 35 0 0 0 0 0 25 0 0
49 10 0 0 5 0 0 0 0 0
59 394 0 0 0 0 0 0 0 0
62 197 0 0 197 0 0 0 0 0
63 197 0 0 0 0 0 0 0 0
65 394 0 0 0 0 0 0 0 0
134 10 2 1 0 0 0 10 0 0
135 25 0 0 0 0 0 20 0 0
136 30 1 1 25 0 0 0 0 0
fn=core::str::lossy::Utf8Lossy::chunks
21 10 0 0 0 0 0 0 0 0
23 5 0 0 5 0 0 0 0 0
fn=core::str::lossy::Utf8Lossy::from_str
17 10 2 1 0 0 0 0 0 0
19 5 0 0 5 0 0 0 0 0
fl=/rustc/73528e339aae0f17a15ffa49a8ac608f50c6cf14//src/libcore/str/mod.rs
fn=core::num::<impl core::str::FromStr for u64>::from_str
2113 4 0 0 0 0 0 0 0 0
fn=core::str::<impl core::default::Default for &str>::default
4212 141 1 1 47 0 0 0 0 0
fn=core::str::<impl str>::trim
502 24 0 0 24 0 0 0 0 0
503 48 0 0 0 0 0 0 0 0
538 27 0 0 9 0 0 0 0 0
682 72 1 1 0 0 0 0 0 0
1780 9 0 0 0 0 0 0 0 0
3547 72 1 1 0 0 0 63 0 0
3549 72 0 0 63 0 0 0 0 0
fn=core::str::from_utf8
337 544 64 1 0 0 0 204 0 0
338 204 0 0 0 0 0 68 0 0
339 340 0 0 0 0 0 204 0 0
340 408 0 0 272 0 0 0 0 0
fn=core::str::run_utf8_validation
0 272 64 1 0 0 0 0 0 0
1450 136 62 1 0 0 0 136 0 0
1456 340 0 0 0 0 0 0 0 0
1459 166 0 0 0 0 0 0 0 0
1479 74 0 0 74 0 0 0 0 0
1480 148 0 0 0 0 0 0 0 0
1537 148 0 0 0 0 0 0 0 0
1539 1560 19 1 0 0 0 0 0 0
1544 714 0 0 714 38 38 0 0 0
1545 2142 0 0 714 0 0 0 0 0
1549 714 0 0 0 0 0 0 0 0
1552 1882 0 0 408 7 7 0 0 0
1553 408 0 0 0 0 0 0 0 0
1556 16 0 0 0 0 0 0 0 0
1561 68 4 1 0 0 0 68 0 0
1562 204 0 0 204 0 0 0 0 0
fl=/rustc/73528e339aae0f17a15ffa49a8ac608f50c6cf14//src/libcore/str/pattern.rs
fn=core::str::<impl str>::trim
0 27 1 1 0 0 0 0 0 0
fn=core::str::pattern::StrSearcher::new
0 2460 11 6 60 0 0 0 0 0
758 600 4 2 0 0 0 360 0 0
759 360 0 0 0 0 0 120 0 0
771 840 0 0 60 0 0 780 0 0
779 480 0 0 420 0 0 0 0 0
1034 180 1 1 0 0 0 0 0 0
1049 180 0 0 0 0 0 0 0 0
1085 240 0 0 0 0 0 0 0 0
1098 1920 3 3 780 2 1 120 0 0
1286 1800 0 0 0 0 0 0 0 0
1288 2400 1 1 600 0 0 0 0 0
1289 1200 1 1 600 0 0 0 0 0
1291 720 0 0 0 0 0 0 0 0
1293 720 0 0 0 0 0 0 0 0
1294 240 0 0 0 0 0 0 0 0
1296 420 0 0 0 0 0 0 0 0
1305 360 1 1 0 0 0 0 0 0
fl=/rustc/73528e339aae0f17a15ffa49a8ac608f50c6cf14//src/libpanic_unwind/lib.rs
fn=__rust_maybe_catch_panic
72 27 3 1 0 0 0 12 0 0
78 6 0 0 0 0 0 3 0 0
86 14 2 1 10 1 0 0 0 0
fl=/rustc/73528e339aae0f17a15ffa49a8ac608f50c6cf14//src/libstd/alloc.rs
fn=__rdl_alloc
237 1172 1 1 0 0 0 586 0 0
fn=__rdl_realloc
250 5088 2 1 0 0 0 3180 0 0
fl=/rustc/73528e339aae0f17a15ffa49a8ac608f50c6cf14//src/libstd/env.rs
fn=<std::env::ArgsOs as core::iter::traits::iterator::Iterator>::next
796 4 1 1 2 0 0 0 0 0
fn=std::env::_var
207 4 1 1 0 0 0 1 0 0
209 2 0 0 1 0 0 0 0 0
210 3 1 1 0 0 0 2 0 0
212 4 1 1 2 0 0 0 0 0
238 1 1 1 1 1 0 1 1 0
fn=std::env::_var_os
241 11 2 2 0 0 0 8 1 0
245 9 0 0 7 0 0 0 0 0
fn=std::env::args_os
746 8 1 1 0 0 0 6 1 1
747 4 0 0 0 0 0 4 1 1
748 9 1 1 7 0 0 0 0 0
fn=std::sys_common::thread::min_stack
204 4 1 1 1 0 0 1 1 0
fl=/rustc/73528e339aae0f17a15ffa49a8ac608f50c6cf14//src/libstd/error.rs
fn=std::path::PathBuf::as_path
335 125 0 0 125 0 0 0 0 0
fl=/rustc/73528e339aae0f17a15ffa49a8ac608f50c6cf14//src/libstd/ffi/c_str.rs
fn=<std::sys::unix::fs::ReadDir as core::iter::traits::iterator::Iterator>::next
998 132 0 0 0 0 0 66 0 0
fn=core::ptr::real_drop_in_place
648 1 0 0 0 0 0 1 1 0
fn=std::env::_var_os
648 1 0 0 0 0 0 1 0 0
fn=std::env::args_os
998 3 0 0 1 1 0 1 0 0
fn=std::ffi::c_str::CString::from_vec_unchecked
384 822 5 1 0 0 0 548 1 0
387 822 0 0 411 0 0 411 0 0
388 959 0 0 685 0 0 0 0 0
fn=std::ffi::c_str::CString::new
329 1224 2 1 0 0 0 680 1 1
341 272 0 0 0 0 0 0 0 0
355 1088 0 0 816 0 0 0 0 0
359 136 0 0 0 0 0 0 0 0
360 1224 3 1 136 0 0 952 3 2
fn=std::fs::DirEntry::path
998 128 0 0 64 0 0 64 0 0
fn=std::fs::OpenOptions::_open
648 61 0 0 0 0 0 61 0 0
fn=std::sys::unix::fs::readdir
648 1 0 0 0 0 0 1 0 0
fn=std::sys::unix::fs::stat
648 65 3 1 0 0 0 65 0 0
fn=std::sys::unix::os::glibc_version
0 2 1 1 0 0 0 0 0 0
998 4 0 0 2 1 0 2 0 0
1039 3 0 0 0 0 0 0 0 0
1202 6 0 0 2 1 0 2 0 0
fn=std::sys::unix::thread::Thread::new
0 2 0 0 0 0 0 0 0 0
1039 3 0 0 0 0 0 0 0 0
fn=std::thread::Thread::new
0 2 2 0 0 0 0 0 0 0
359 1 0 0 0 0 0 0 0 0
360 9 0 0 3 1 0 3 0 0
fl=/rustc/73528e339aae0f17a15ffa49a8ac608f50c6cf14//src/libstd/ffi/os_str.rs
fn=std::path::Path::as_os_str
503 38 1 1 0 0 0 0 0 0
505 19 0 0 19 0 0 0 0 0
fn=std::path::Path::to_path_buf
592 40 2 2 0 0 0 25 0 0
593 15 0 0 0 0 0 15 0 0
594 35 0 0 25 0 0 0 0 0
fn=std::path::Path::to_str
522 20 0 0 0 0 0 0 0 0
524 10 0 0 5 0 0 0 0 0
fn=std::path::Path::to_string_lossy
574 8 0 0 0 0 0 4 0 0
576 12 0 0 8 0 0 0 0 0
fl=/rustc/73528e339aae0f17a15ffa49a8ac608f50c6cf14//src/libstd/fs.rs
fn=<std::fs::File as std::io::Read>::read
654 600 1 1 0 0 0 300 0 0
656 900 0 0 600 0 0 0 0 0
fn=<std::fs::ReadDir as core::iter::traits::iterator::Iterator>::next
1338 325 1 1 0 0 0 130 1 1
1339 193 0 0 129 1 0 129 1 1
1340 325 1 0 195 0 0 0 0 0
fn=std::fs::DirEntry::path
1373 640 0 0 256 0 0 192 0 0
fn=std::fs::OpenOptions::_open
943 488 2 1 0 0 0 244 0 0
945 427 0 0 305 0 0 0 0 0
fn=std::fs::OpenOptions::new
733 122 1 1 0 0 0 0 0 0
734 183 1 1 0 0 0 183 0 0
735 61 0 0 61 0 0 0 0 0
fn=std::fs::OpenOptions::read
750 61 0 0 0 0 0 0 0 0
752 61 0 0 61 0 0 0 0 0
fn=std::path::Path::is_dir
1553 1 0 0 1 1 0 1 1 1
fn=std::path::Path::is_file
1553 64 0 0 64 0 0 64 0 0
fl=/rustc/73528e339aae0f17a15ffa49a8ac608f50c6cf14//src/libstd/io/lazy.rs
fn=std::io::stdio::stderr
0 1 0 0 0 0 0 0 0 0
31 1 0 0 0 0 0 1 0 0
33 4 0 0 0 0 0 0 0 0
59 2 0 0 0 0 0 0 0 0
fl=/rustc/73528e339aae0f17a15ffa49a8ac608f50c6cf14//src/libstd/io/mod.rs
fn=<std::io::Guard as core::ops::drop::Drop>::drop
306 244 1 1 244 0 0 0 0 0
307 122 0 0 122 0 0 0 0 0
fn=<std::io::Write::write_fmt::Adaptor<T> as core::fmt::Write>::write_str
0 6 0 0 0 0 0 0 0 0
1400 15 1 1 0 0 0 3 0 0
1401 9 1 1 3 0 0 3 0 0
1402 6 0 0 3 0 0 0 0 0
1408 9 0 0 6 0 0 0 0 0
fn=<std::io::stdio::Stderr as std::io::Write>::write_fmt
1411 2 0 0 0 0 0 2 0 0
1412 10 1 1 4 0 0 4 0 0
1413 3 1 1 0 0 0 1 0 0
fn=std::io::Write::write_all
0 27 2 2 3 0 0 0 0 0
1339 24 1 1 0 0 0 21 0 0
1340 9 0 0 0 0 0 0 0 0
1342 12 1 1 0 0 0 0 0 0
1349 3 0 0 0 0 0 3 0 0
1350 27 0 0 21 0 0 0 0 0
fn=std::sys::unix::fd::FileDesc::read_to_end
0 12 2 1 4 0 0 0 0 0
369 8 0 0 0 0 0 8 0 0
372 24 0 0 0 0 0 0 0 0
391 16 0 0 4 0 0 0 0 0
394 16 0 0 0 0 0 4 0 0
403 8 2 1 0 0 0 8 0 0
fl=/rustc/73528e339aae0f17a15ffa49a8ac608f50c6cf14//src/libstd/io/stdio.rs
fn=<std::io::stdio::Stderr as std::io::Write>::write_fmt
691 8 2 2 0 0 0 5 0 0
692 3 0 0 0 0 0 2 0 0
693 8 1 1 6 0 0 0 0 0
fn=std::io::Write::write_all
114 6 0 0 3 0 0 0 0 0
154 6 1 1 0 0 0 6 0 0
fn=std::io::stdio::_eprint
0 1 1 1 1 0 0 0 0 0
781 2 0 0 0 0 0 2 1 0
782 1 0 0 0 0 0 0 0 0
786 13 0 0 5 0 0 6 1 0
791 2 0 0 0 0 0 0 0 0
810 2 1 1 0 0 0 1 0 0
811 9 1 1 3 0 0 5 0 0
812 3 0 0 2 0 0 0 0 0
fn=std::io::stdio::stderr
625 4 1 1 0 0 0 3 0 0
641 6 0 0 4 0 0 0 0 0
fl=/rustc/73528e339aae0f17a15ffa49a8ac608f50c6cf14//src/libstd/panicking.rs
fn=<std::io::stdio::Stderr as std::io::Write>::write_fmt
294 2 1 1 1 0 0 0 0 0
fn=std::panicking::try::do_call
282 2 1 1 0 0 0 1 0 0
fn=std::rt::lang_start_internal
259 1 0 0 0 0 0 1 0 0
260 2 0 0 0 0 0 1 0 0
261 1 0 0 0 0 0 1 0 0
265 6 1 1 1 1 0 1 0 0
fl=/rustc/73528e339aae0f17a15ffa49a8ac608f50c6cf14//src/libstd/path.rs
fn=<std::path::Components as core::iter::traits::double_ended::DoubleEndedIterator>::next_back
0 10 3 3 1 1 1 1 0 0
371 11 0 0 2 0 0 0 0 0
667 1 0 0 0 0 0 0 0 0
677 1 0 0 1 0 0 0 0 0
682 3 1 1 0 0 0 1 1 1
687 2 1 1 0 0 0 0 0 0
693 1 0 0 0 0 0 0 0 0
958 8 1 1 0 0 0 6 0 0
959 3 0 0 0 0 0 0 0 0
961 3 1 1 1 0 0 0 0 0
962 14 1 1 6 0 0 5 0 0
963 6 0 0 1 0 0 1 0 0
964 1 0 0 0 0 0 0 0 0
965 9 0 0 4 0 0 4 0 0
1000 9 1 1 7 0 0 0 0 0
fn=<std::path::Path as core::convert::AsRef<std::path::Path>>::as_ref
2679 146 3 1 0 0 0 0 0 0
2681 73 0 0 73 0 0 0 0 0
fn=std::fs::DirEntry::path
2228 256 0 0 64 0 0 64 0 0
fn=std::path::Components::include_cur_dir
0 12 0 0 4 0 0 0 0 0
656 4 0 0 0 0 0 0 0 0
732 4 0 0 2 0 0 0 0 0
735 6 0 0 2 0 0 0 0 0
744 2 1 1 0 0 0 2 0 0
745 2 0 0 0 0 0 0 0 0
748 4 0 0 4 0 0 0 0 0
750 4 0 0 0 0 0 0 0 0
751 2 0 0 0 0 0 0 0 0
754 4 0 0 4 0 0 0 0 0
fn=std::path::Components::parse_next_component_back
0 8 1 1 6 0 0 0 0 0
371 10 0 0 1 0 0 0 0 0
656 2 0 0 0 0 0 0 0 0
667 1 0 0 0 0 0 0 0 0
677 1 0 0 1 0 0 0 0 0
682 3 0 0 0 0 0 1 0 0
687 2 1 1 0 0 0 0 0 0
782 6 1 1 0 0 0 4 1 1
785 5 1 1 1 0 0 0 0 0
789 12 1 1 3 0 0 7 1 1
790 7 0 0 5 0 0 0 0 0
fn=std::path::Path::_join
334 64 0 0 0 0 0 0 0 0
1249 64 0 0 0 0 0 0 0 0
1258 128 0 0 0 0 0 0 0 0
1521 256 2 1 0 0 0 192 0 0
2231 768 1 0 0 0 0 384 0 0
2234 320 0 0 192 0 0 128 1 1
2235 512 1 1 448 0 0 0 0 0
fn=std::path::Path::file_name
0 3 0 0 1 0 0 0 0 0
334 2 0 0 0 0 0 0 0 0
2057 1 1 1 0 0 0 0 0 0
2058 1 0 0 1 0 0 1 0 0
2060 2 1 1 0 0 0 0 0 0
2064 2 0 0 1 0 0 0 0 0
2329 11 1 1 2 0 0 7 0 0
fn=std::path::Path::is_dir
2574 6 1 1 0 0 0 2 0 0
2576 4 1 1 3 0 0 0 0 0
fn=std::path::Path::is_file
2545 384 1 1 0 0 0 128 0 0
2547 256 0 0 192 0 0 0 0 0
fn=std::sys::unix::fs::readdir
1521 4 0 0 0 0 0 3 0 0
fl=/rustc/73528e339aae0f17a15ffa49a8ac608f50c6cf14//src/libstd/process.rs
fn=std::process::Child::wait_with_output
0 18 2 1 8 0 0 2 0 0
1356 4 0 0 0 0 0 2 0 0
1431 18 2 1 0 0 0 14 0 0
1434 10 2 1 0 0 0 8 0 0
1435 10 2 1 0 0 0 10 0 0
1436 6 0 0 0 0 0 0 0 0
1437 2 0 0 0 0 0 0 0 0
1447 8 0 0 4 0 0 4 0 0
1449 12 2 1 0 0 0 0 0 0
1451 4 0 0 0 0 0 0 0 0
1452 30 2 1 12 0 0 18 0 0
1454 8 2 1 4 0 0 4 0 0
1457 18 0 0 14 0 0 0 0 0
fn=std::process::Command::spawn
767 12 2 1 0 0 0 4 0 0
768 6 0 0 0 0 0 2 0 0
769 10 0 0 6 0 0 0 0 0
fn=std::process::ExitStatus::success
1190 2 0 0 2 0 0 0 0 0
fn=std::process::Stdio::piped
946 8 1 1 4 0 0 0 0 0
fn=std::process::exit
1512 2 0 0 0 0 0 1 0 0
1513 1 0 0 0 0 0 1 0 0
1514 2 0 0 0 0 0 1 0 0
fl=/rustc/73528e339aae0f17a15ffa49a8ac608f50c6cf14//src/libstd/rt.rs
fn=std::panicking::try::do_call
48 3 0 0 2 0 0 1 0 0
fn=std::rt::lang_start_internal
22 11 2 2 0 0 0 8 0 0
40 5 0 0 1 0 0 4 0 0
41 6 1 1 1 1 0 4 0 0
fn=std::sys_common::backtrace::__rust_begin_short_backtrace
48 1 1 1 1 1 0 0 0 0
fl=/rustc/73528e339aae0f17a15ffa49a8ac608f50c6cf14//src/libstd/sync/condvar.rs
fn=<std::sync::condvar::Condvar as core::ops::drop::Drop>::drop
608 2 1 1 2 0 0 0 0 0
fn=core::ptr::real_drop_in_place
608 1 0 0 1 0 0 0 0 0
fn=std::thread::Thread::new
130 6 0 0 0 0 0 6 0 0
137 6 2 1 3 0 0 3 0 0
fl=/rustc/73528e339aae0f17a15ffa49a8ac608f50c6cf14//src/libstd/sync/mutex.rs
fn=core::ptr::real_drop_in_place
371 1 0 0 1 0 0 0 0 0
fn=std::thread::Thread::new
0 3 0 0 0 0 0 0 0 0
177 18 2 1 6 0 0 12 0 0
fl=/rustc/73528e339aae0f17a15ffa49a8ac608f50c6cf14//src/libstd/sync/once.rs
fn=<std::sync::once::Finish as core::ops::drop::Drop>::drop
0 2 0 0 3 0 0 0 0 0
444 4 1 1 0 0 0 3 0 0
447 5 0 0 1 0 0 0 0 0
452 5 1 1 0 0 0 1 0 0
460 1 0 0 0 0 0 0 0 0
468 5 1 1 4 0 0 0 0 0
fn=std::sync::once::Once::call_inner
0 5 1 1 0 0 0 0 0 0
348 11 1 1 0 0 0 8 0 0
361 2 0 0 0 0 0 0 0 0
377 2 0 0 0 0 0 0 0 0
387 2 1 1 0 0 0 2 0 0
391 6 0 0 3 1 0 1 0 0
392 2 0 0 0 0 0 1 0 0
433 8 0 0 7 0 0 0 0 0
fn=std::sync::once::Once::call_once::{{closure}}
224 16 1 1 8 0 0 6 0 0
fn=std::sys_common::cleanup
219 1 1 1 0 0 0 0 0 0
223 2 0 0 0 0 0 1 0 0
224 6 0 0 1 1 0 2 0 0
333 1 0 0 0 0 0 0 0 0
fl=/rustc/73528e339aae0f17a15ffa49a8ac608f50c6cf14//src/libstd/sys/unix/alloc.rs
fn=__rdl_alloc
13 2344 0 0 0 0 0 0 0 0
14 1758 0 0 1172 1 0 0 0 0
fn=__rdl_dealloc
42 585 0 0 585 2 0 0 0 0
fn=__rdl_realloc
47 2544 0 0 0 0 0 0 0 0
48 5088 2 1 3180 1 0 0 0 0
fl=/rustc/73528e339aae0f17a15ffa49a8ac608f50c6cf14//src/libstd/sys/unix/args.rs
fn=std::env::args_os
96 1 0 0 0 0 0 1 1 1
97 1 0 0 1 1 0 0 0 0
98 2 1 1 2 1 0 0 0 0
fn=std::rt::lang_start_internal
77 2 0 0 1 0 0 1 1 1
78 1 1 1 0 0 0 1 0 0
fn=std::sync::once::Once::call_once::{{closure}}
83 1 0 0 0 0 0 1 1 0
84 1 1 1 0 0 0 1 0 0
fl=/rustc/73528e339aae0f17a15ffa49a8ac608f50c6cf14//src/libstd/sys/unix/condvar.rs
fn=<std::sync::condvar::Condvar as core::ops::drop::Drop>::drop
166 2 0 0 2 1 0 0 0 0
fn=core::ptr::real_drop_in_place
166 1 0 0 1 0 0 1 0 0
fn=std::sys::unix::condvar::Condvar::init
0 9 0 0 0 0 0 0 0 0
42 12 2 1 0 0 0 3 0 0
45 6 0 0 3 2 0 6 0 0
46 6 0 0 0 0 0 0 0 0
47 9 2 1 3 1 0 6 0 0
48 6 0 0 0 0 0 0 0 0
49 9 0 0 3 1 0 6 0 0
50 6 0 0 0 0 0 0 0 0
51 6 0 0 3 0 0 6 0 0
52 6 0 0 0 0 0 0 0 0
53 9 3 1 6 0 0 0 0 0
fn=std::thread::Thread::new
27 9 0 0 0 0 0 9 1 0
fl=/rustc/73528e339aae0f17a15ffa49a8ac608f50c6cf14//src/libstd/sys/unix/fast_thread_local.rs
fn=std::thread::local::fast::Key<T>::try_initialize
25 8 1 1 4 1 0 0 0 0
29 20 2 1 4 0 0 4 0 0
fl=/rustc/73528e339aae0f17a15ffa49a8ac608f50c6cf14//src/libstd/sys/unix/fd.rs
fn=<std::fs::File as std::io::Read>::read
49 1500 0 0 600 0 0 300 0 0
53 600 1 1 0 0 0 600 0 0
fn=<std::sys::unix::fd::FileDesc as core::ops::drop::Drop>::drop
274 122 0 0 122 0 0 0 0 0
fn=std::io::Write::write_all
0 3 0 0 0 0 0 0 0 0
96 9 0 0 3 0 0 3 0 0
100 6 0 0 0 0 0 0 0 0
fn=std::process::Child::wait_with_output
0 2 0 0 0 0 0 0 0 0
38 4 0 0 4 0 0 0 0 0
179 8 2 1 0 0 0 6 0 0
180 28 0 0 10 1 0 6 0 0
274 10 2 1 6 0 0 4 0 0
fn=std::sys::unix::fd::FileDesc::read_to_end
0 8 0 0 8 0 0 0 0 0
49 20 2 1 0 0 0 10 0 0
65 40 2 1 0 0 0 28 0 0
68 32 0 0 28 0 0 0 0 0
fn=std::sys::unix::fs::File::open_c
139 4 1 1 1 0 0 1 0 0
fn=std::sys::unix::process::process_inner::<impl std::sys::unix::process::process_common::Command>::spawn
274 8 2 1 8 0 0 4 0 0
fl=/rustc/73528e339aae0f17a15ffa49a8ac608f50c6cf14//src/libstd/sys/unix/fs.rs
fn=<std::sys::unix::fs::Dir as core::ops::drop::Drop>::drop
463 2 0 0 2 1 0 0 0 0
fn=<std::sys::unix::fs::ReadDir as core::iter::traits::iterator::Iterator>::next
0 264 1 0 67 0 0 0 0 0
428 520 3 2 0 0 0 390 1 1
429 130 0 0 65 0 0 0 0 0
434 325 0 0 65 0 0 195 0 0
438 65 2 1 0 0 0 65 0 0
440 402 1 1 132 1 0 67 0 0
450 134 0 0 0 0 0 0 0 0
451 2 1 0 0 0 0 1 0 0
453 1 0 0 0 0 0 0 0 0
454 384 60 1 64 0 0 128 1 1
458 585 1 0 455 1 0 0 0 0
fn=std::fs::DirEntry::path
566 64 0 0 0 0 0 0 0 0
fn=std::fs::OpenOptions::_open
639 183 2 1 0 0 0 122 0 0
640 244 0 0 0 0 0 61 0 0
641 61 0 0 61 0 0 0 0 0
834 427 2 1 183 0 0 61 0 0
fn=std::fs::OpenOptions::read
593 61 0 0 0 0 0 61 0 0
fn=std::path::Path::is_dir
370 3 0 0 1 0 0 0 0 0
fn=std::path::Path::is_file
370 192 1 1 64 0 0 0 0 0
fn=std::sys::unix::fs::File::open_c
0 793 8 5 0 0 0 0 0 0
604 366 0 0 183 0 0 0 0 0
605 61 0 0 0 0 0 0 0 0
615 61 0 0 0 0 0 0 0 0
616 61 0 0 0 0 0 0 0 0
617 61 0 0 0 0 0 0 0 0
618 366 0 0 183 0 0 0 0 0
627 183 0 0 122 0 0 0 0 0
628 61 0 0 0 0 0 0 0 0
643 549 1 1 0 0 0 366 0 0
644 183 0 0 0 0 0 0 0 0
645 122 0 0 0 0 0 0 0 0
646 122 0 0 0 0 0 0 0 0
647 61 0 0 61 0 0 0 0 0
649 427 1 1 122 1 0 61 0 0
650 122 0 0 0 0 0 0 0 0
651 122 0 0 0 0 0 61 0 0
673 242 0 0 0 0 0 0 0 0
674 2 0 0 0 0 0 0 0 0
675 1 0 0 0 0 0 0 0 0
685 2 0 0 0 0 0 0 0 0
696 122 0 0 0 0 0 0 0 0
697 183 0 0 0 0 0 122 0 0
698 549 0 0 427 0 0 0 0 0
fn=std::sys::unix::fs::readdir
0 4 1 1 0 0 0 1 0 0
834 8 1 1 3 0 0 1 0 0
909 10 1 1 0 0 0 6 0 0
911 4 1 1 0 0 0 2 0 0
913 2 0 0 1 0 0 1 0 0
914 1 0 0 0 0 0 0 0 0
918 3 0 0 0 0 0 2 1 1
919 4 0 0 2 0 0 2 0 0
924 12 1 1 7 0 0 0 0 0
fn=std::sys::unix::fs::stat
0 65 2 1 65 0 0 65 0 0
834 390 2 1 195 0 0 65 1 1
991 455 1 1 0 0 0 260 1 1
992 325 2 1 0 0 0 130 0 0
995 650 2 1 130 0 0 130 0 0
1010 455 0 0 325 0 0 0 0 0
fn=std::sys::unix::fs::try_statx
0 195 0 0 0 0 0 0 0 0
102 390 61 1 0 0 0 260 0 0
127 260 0 0 0 0 0 0 0 0
138 1 0 0 0 0 0 0 0 0
156 65 0 0 65 0 0 0 0 0
157 65 0 0 65 0 0 0 0 0
158 65 0 0 65 0 0 0 0 0
159 65 0 0 65 0 0 0 0 0
160 65 0 0 65 0 0 0 0 0
162 65 0 0 65 0 0 0 0 0
163 65 0 0 65 0 0 0 0 0
164 65 0 0 65 0 0 0 0 0
165 65 4 1 65 0 0 0 0 0
166 65 0 0 65 0 0 0 0 0
168 65 0 0 65 0 0 0 0 0
169 65 0 0 65 0 0 0 0 0
170 65 0 0 65 0 0 0 0 0
171 65 0 0 65 0 0 0 0 0
172 65 0 0 65 0 0 0 0 0
175 65 0 0 65 0 0 0 0 0
179 1625 6 2 65 0 0 1430 1 1
180 455 3 1 325 0 0 0 0 0
fl=/rustc/73528e339aae0f17a15ffa49a8ac608f50c6cf14//src/libstd/sys/unix/memchr.rs
fn=std::ffi::c_str::CString::new
6 544 0 0 136 1 0 136 0 0
fn=std::sys::unix::os::glibc_version
6 4 0 0 1 0 0 1 0 0
fn=std::sys::unix::thread::Thread::new
6 4 1 1 1 0 0 1 0 0
fn=std::thread::Thread::new
6 3 0 0 1 1 0 1 0 0
fl=/rustc/73528e339aae0f17a15ffa49a8ac608f50c6cf14//src/libstd/sys/unix/mod.rs
fn=<std::fs::File as std::io::Read>::read
0 600 0 0 0 0 0 0 0 0
120 300 0 0 0 0 0 0 0 0
128 300 0 0 0 0 0 0 0 0
fn=std::io::Write::write_all
120 3 0 0 0 0 0 0 0 0
128 3 0 0 0 0 0 0 0 0
fn=std::process::Child::wait_with_output
0 8 2 1 0 0 0 2 0 0
120 10 0 0 2 0 0 0 0 0
128 8 2 1 0 0 0 0 0 0
fn=std::rt::lang_start_internal
75 5 0 0 1 1 0 1 0 0
fn=std::sys::unix::fd::FileDesc::read_to_end
128 40 0 0 0 0 0 0 0 0
fn=std::sys::unix::fs::File::open_c
0 122 0 0 0 0 0 0 0 0
120 62 0 0 0 0 0 0 0 0
128 62 0 0 0 0 0 0 0 0
fn=std::sys::unix::fs::stat
0 65 2 1 0 0 0 0 0 0
fn=std::sys::unix::fs::try_statx
120 66 0 0 0 0 0 0 0 0
128 66 18 1 0 0 0 0 0 0
fn=std::sys::unix::pipe::anon_pipe
0 8 0 0 0 0 0 0 0 0
120 4 0 0 0 0 0 0 0 0
128 4 0 0 0 0 0 0 0 0
131 8 0 0 0 0 0 8 0 0
fn=std::sys::unix::process::process_inner::<impl std::sys::unix::process::process_common::Command>::spawn
0 14 4 2 0 0 0 0 0 0
120 14 0 0 0 0 0 0 0 0
128 14 0 0 0 0 0 0 0 0
fn=std::sys::unix::process::process_inner::Process::wait
0 2 0 0 0 0 0 0 0 0
120 2 0 0 0 0 0 0 0 0
128 2 0 0 0 0 0 0 0 0
fl=/rustc/73528e339aae0f17a15ffa49a8ac608f50c6cf14//src/libstd/sys/unix/mutex.rs
fn=<std::io::stdio::Stderr as std::io::Write>::write_fmt
109 1 0 0 1 0 0 1 0 0
119 1 0 0 1 0 0 1 0 0
fn=alloc::sync::Arc<T>::drop_slow
124 1 0 0 1 0 0 1 0 0
fn=core::ops::function::FnOnce::call_once{{vtable-shim}}
55 2 0 0 1 0 0 1 0 0
60 2 0 0 1 0 0 1 0 0
fn=core::ptr::real_drop_in_place
70 1 1 1 1 0 0 1 0 0
fn=std::env::_var_os
55 3 1 1 1 0 0 1 0 0
60 2 1 1 1 0 0 1 0 0
fn=std::env::args_os
55 3 1 1 1 0 0 1 1 1
60 2 0 0 1 0 0 1 0 0
fn=std::io::stdio::stderr
55 3 1 1 1 0 0 1 0 0
60 3 0 0 1 0 0 2 0 0
92 5 1 1 0 0 0 3 0 0
97 2 0 0 1 1 0 1 0 0
99 3 0 0 1 0 0 1 0 0
102 3 0 0 1 1 0 1 0 0
104 2 0 0 1 1 0 1 0 0
fn=std::rt::lang_start_internal
55 4 0 0 2 0 0 1 0 0
60 2 0 0 1 0 0 1 0 0
fn=std::sync::once::Once::call_once::{{closure}}
55 33 0 0 1 0 0 11 0 0
60 22 0 0 1 0 0 11 0 0
fn=std::sys::unix::process::process_inner::<impl std::sys::unix::process::process_common::Command>::spawn
55 6 0 0 2 0 0 2 0 0
60 6 0 0 2 0 0 2 0 0
fn=std::sys_common::at_exit_imp::push
55 3 0 0 1 0 0 1 0 0
60 3 0 0 1 0 0 1 0 0
fn=std::thread::Thread::new
21 18 0 0 0 0 0 9 0 0
44 6 2 1 3 1 0 3 0 0
46 9 0 0 3 1 0 3 0 0
48 9 0 0 3 1 0 3 0 0
50 6 0 0 3 2 0 3 0 0
55 9 0 0 3 0 0 3 0 0
60 6 0 0 3 1 0 3 0 0
fl=/rustc/73528e339aae0f17a15ffa49a8ac608f50c6cf14//src/libstd/sys/unix/os.rs
fn=std::env::_var_os
470 7 0 0 3 0 0 3 2 0
472 1 0 0 0 0 0 1 0 0
473 2 0 0 1 0 0 1 0 0
474 1 0 0 0 0 0 0 0 0
479 4 0 0 0 0 0 4 0 0
481 1 0 0 1 0 0 0 0 0
fn=std::rt::lang_start_internal
504 2 0 0 1 1 0 1 0 0
fn=std::sys::unix::fs::try_statx
62 1 0 0 1 1 0 1 0 0
fn=std::sys::unix::os::exit
552 1 1 1 0 0 0 1 0 0
553 1 0 0 1 0 0 1 0 0
fn=std::sys::unix::os::glibc_version
0 10 2 1 10 0 0 0 0 0
565 12 2 1 0 0 0 8 0 0
566 4 0 0 2 0 0 0 0 0
571 14 0 0 10 0 0 0 0 0
578 4 0 0 0 0 0 0 0 0
579 4 0 0 0 0 0 2 0 0
590 14 0 0 2 0 0 4 0 0
591 24 2 1 0 0 0 6 0 0
fl=/rustc/73528e339aae0f17a15ffa49a8ac608f50c6cf14//src/libstd/sys/unix/path.rs
fn=std::path::Path::_join
6 192 0 0 128 0 0 0 0 0
fn=std::path::Path::file_name
6 1 0 0 1 0 0 0 0 0
fl=/rustc/73528e339aae0f17a15ffa49a8ac608f50c6cf14//src/libstd/sys/unix/pipe.rs
fn=std::process::Child::wait_with_output
0 10 4 2 2 0 0 0 0 0
87 4 2 1 2 0 0 2 0 0
88 2 0 0 0 0 0 2 0 0
93 2 0 0 0 0 0 2 0 0
94 2 2 1 0 0 0 2 0 0
95 2 0 0 0 0 0 2 0 0
96 10 0 0 2 1 0 4 0 0
99 8 2 1 0 0 0 2 0 0
101 12 2 1 2 0 0 0 0 0
103 2 0 0 2 0 0 2 0 0
117 8 0 0 2 0 0 2 0 0
118 4 2 1 2 0 0 0 0 0
fn=std::sys::unix::pipe::anon_pipe
0 8 0 0 0 0 0 4 0 0
15 24 2 1 0 0 0 16 0 0
19 4 0 0 0 0 0 4 1 1
25 4 0 0 0 0 0 0 0 0
41 8 0 0 4 0 0 4 0 0
57 28 2 1 20 0 0 0 0 0
fl=/rustc/73528e339aae0f17a15ffa49a8ac608f50c6cf14//src/libstd/sys/unix/process/process_common.rs
fn=std::sys::unix::process::process_common::Command::arg
152 48 2 1 0 0 0 36 0 0
155 54 0 0 0 0 0 18 0 0
156 12 2 1 0 0 0 6 0 0
162 48 0 0 42 0 0 0 0 0
fn=std::sys::unix::process::process_common::Command::capture_env
221 14 0 0 0 0 0 12 1 1
223 4 2 1 2 1 1 2 1 1
224 18 4 2 14 0 0 0 0 0
fn=std::sys::unix::process::process_common::Command::new
133 10 2 1 0 0 0 6 0 0
134 4 2 1 0 0 0 2 1 1
135 12 0 0 0 0 0 2 0 0
136 54 6 3 12 0 0 40 2 2
137 10 2 1 0 0 0 10 0 0
144 2 0 0 2 0 0 0 0 0
150 12 0 0 8 0 0 0 0 0
fn=std::sys::unix::process::process_common::Command::setup_io
0 6 0 0 0 0 0 0 0 0
230 22 2 1 0 0 0 14 1 1
232 2 0 0 0 0 0 2 0 0
233 8 0 0 0 0 0 0 0 0
237 34 4 2 10 0 0 16 0 0
238 34 2 1 10 0 0 16 0 0
239 14 2 1 6 0 0 2 0 0
250 34 2 1 12 0 0 22 1 1
251 18 2 1 14 0 0 0 0 0
fn=std::sys::unix::process::process_common::Command::stderr
213 12 0 0 0 0 0 6 0 0
214 4 2 1 0 0 0 4 0 0
215 8 0 0 8 0 0 0 0 0
fn=std::sys::unix::process::process_common::Command::stdout
209 12 2 1 0 0 0 6 0 0
210 4 2 1 0 0 0 4 0 0
211 8 0 0 8 0 0 0 0 0
fn=std::sys::unix::process::process_common::Stdio::to_child_stdio
0 32 4 2 0 0 0 4 0 0
309 30 2 1 0 0 0 12 1 1
312 30 2 1 12 2 1 0 0 0
313 6 0 0 0 0 0 4 0 0
332 20 0 0 12 0 0 4 0 0
338 16 0 0 0 0 0 12 0 0
358 30 0 0 18 0 0 0 0 0
fn=std::sys::unix::process::process_common::os2c
254 56 2 1 0 0 0 16 0 0
255 8 0 0 0 0 0 8 1 1
259 48 0 0 24 0 0 0 0 0
fn=std::sys::unix::process::process_inner::<impl std::sys::unix::process::process_common::Command>::spawn
0 8 0 0 4 0 0 0 0 0
175 2 0 0 2 0 0 0 0 0
376 12 2 1 6 0 0 0 0 0
fl=/rustc/73528e339aae0f17a15ffa49a8ac608f50c6cf14//src/libstd/sys/unix/process/process_unix.rs
fn=std::sys::unix::process::process_inner::<impl std::sys::unix::process::process_common::Command>::spawn
0 16 2 1 2 0 0 0 0 0
15 26 4 2 0 0 0 14 2 2
19 4 0 0 0 0 0 2 2 2
21 2 0 0 0 0 0 0 0 0
26 40 6 3 14 0 0 16 5 5
28 8 0 0 2 0 0 0 0 0
29 18 2 1 4 0 0 12 0 0
109 26 2 1 14 0 0 0 0 0
273 8 0 0 0 0 0 0 0 0
283 6 0 0 2 0 0 2 0 0
284 2 0 0 0 0 0 0 0 0
303 4 2 1 2 0 0 0 0 0
310 4 2 1 0 0 0 2 0 0
317 2 0 0 2 0 0 2 0 0
327 4 2 1 2 0 0 2 0 0
336 4 0 0 2 2 0 2 0 0
337 2 0 0 2 2 0 2 0 0
345 4 0 0 2 2 0 2 0 0
350 4 2 1 2 0 0 2 0 0
354 4 0 0 0 0 0 0 0 0
359 2 0 0 2 0 0 2 0 0
360 2 0 0 2 0 0 2 0 0
362 4 0 0 2 1 0 2 0 0
363 2 0 0 2 2 0 2 0 0
368 4 0 0 2 1 0 2 0 0
371 2 0 0 0 0 0 2 0 0
374 2 0 0 2 1 0 2 0 0
376 8 0 0 2 0 0 0 0 0
382 4 0 0 0 0 0 0 0 0
383 10 2 1 6 0 0 4 0 0
fn=std::sys::unix::process::process_inner::Process::wait
0 4 2 1 0 0 0 4 0 0
418 18 2 1 0 0 0 12 0 0
420 4 0 0 2 0 0 0 0 0
423 2 2 1 0 0 0 2 0 0
424 14 0 0 4 0 0 2 0 0
425 6 0 0 2 0 0 4 0 0
427 18 0 0 14 0 0 0 0 0
fl=/rustc/73528e339aae0f17a15ffa49a8ac608f50c6cf14//src/libstd/sys/unix/rand.rs
fn=std::thread::local::fast::Key<T>::try_initialize
0 10 2 1 4 2 0 0 0 0
5 4 0 0 0 0 0 2 0 0
11 4 2 1 2 0 0 2 0 0
27 12 2 1 0 0 0 2 1 1
40 2 0 0 0 0 0 0 0 0
45 4 0 0 0 0 0 0 0 0
47 4 0 0 0 0 0 0 0 0
65 2 0 0 0 0 0 0 0 0
fl=/rustc/73528e339aae0f17a15ffa49a8ac608f50c6cf14//src/libstd/sys/unix/stack_overflow.rs
fn=std::rt::lang_start_internal
112 1 0 0 0 0 0 1 0 0
113 2 0 0 0 0 0 1 0 0
114 7 1 1 1 1 0 1 0 0
115 4 0 0 0 0 0 1 0 0
118 1 0 0 0 0 0 1 0 0
127 7 0 0 1 1 0 1 0 0
133 2 0 0 0 0 0 0 0 0
156 2 0 0 1 1 0 1 0 0
158 2 1 1 1 0 0 0 0 0
159 4 1 1 0 0 0 3 0 0
160 2 0 0 1 0 0 1 0 0
161 1 0 0 1 0 0 0 0 0
fn=std::sync::once::Once::call_once::{{closure}}
0 4 0 0 2 0 0 0 0 0
123 1 0 0 1 0 0 0 0 0
168 1 0 0 0 0 0 0 0 0
169 4 0 0 0 0 0 3 0 0
178 2 0 0 1 0 0 1 0 0
179 3 1 1 1 0 0 1 0 0
fn=std::sys::unix::thread::Thread::new::thread_start
127 14 0 0 2 1 0 2 0 0
133 4 0 0 0 0 0 0 0 0
156 4 1 1 2 0 0 2 2 2
158 4 0 0 2 0 0 0 0 0
159 8 1 1 0 0 0 6 0 0
160 4 0 0 2 0 0 2 0 0
161 2 0 0 2 0 0 0 0 0
168 2 0 0 0 0 0 0 0 0
169 8 0 0 0 0 0 6 2 0
178 4 0 0 2 0 0 2 0 0
179 6 0 0 2 0 0 2 0 0
fl=/rustc/73528e339aae0f17a15ffa49a8ac608f50c6cf14//src/libstd/sys/unix/thread.rs
fn=std::rt::lang_start_internal
0 1 0 0 0 0 0 0 0 0
270 4 1 1 1 0 0 2 0 0
274 4 0 0 2 2 0 2 0 0
275 2 1 0 0 0 0 0 0 0
276 1 0 0 0 0 0 1 1 1
277 4 1 1 0 0 0 1 1 0
278 4 0 0 1 1 0 2 0 0
280 2 0 0 1 0 0 0 0 0
282 4 1 1 1 1 0 2 0 0
288 2 0 0 0 0 0 0 0 0
289 4 0 0 0 0 0 2 0 0
297 6 0 0 1 1 0 0 0 0
298 4 1 1 0 0 0 0 0 0
306 1 1 1 0 0 0 1 1 1
322 3 0 0 0 0 0 0 0 0
fn=std::sys::unix::thread::Thread::join
176 4 1 1 0 0 0 2 0 0
178 4 0 0 2 0 0 2 0 0
180 4 0 0 0 0 0 0 0 0
183 6 0 0 4 0 0 0 0 0
fn=std::sys::unix::thread::Thread::new
0 6 2 1 0 0 0 0 0 0
30 4 0 0 2 0 0 2 0 0
41 22 1 1 0 0 0 12 0 0
43 6 0 0 0 0 0 6 0 0
44 2 0 0 0 0 0 2 0 0
46 8 0 0 2 1 0 4 0 0
52 4 0 0 0 0 0 0 0 0
67 14 2 1 2 1 0 2 0 0
68 2 2 1 2 0 0 0 0 0
69 10 0 0 2 0 0 4 0 0
71 4 0 0 0 0 0 0 0 0
75 6 4 2 2 0 0 4 0 0
82 18 0 0 14 0 0 0 0 0
418 4 0 0 0 0 0 0 0 0
419 2 0 0 0 0 0 2 0 0
fn=std::sys::unix::thread::Thread::new::thread_start
78 8 1 1 0 0 0 4 0 0
81 10 1 1 6 0 0 0 0 0
fn=std::sys::unix::thread::guard::current
0 2 0 0 0 0 0 0 0 0
364 12 1 1 0 0 0 8 1 1
367 8 1 1 2 0 0 4 3 3
371 8 0 0 4 2 0 4 0 0
372 4 0 0 0 0 0 0 0 0
373 6 1 1 0 0 0 2 1 1
374 8 0 0 2 0 0 4 0 0
375 4 0 0 2 0 0 0 0 0
378 2 0 0 0 0 0 2 1 1
379 8 1 1 0 0 0 2 0 0
380 8 0 0 2 1 0 4 0 0
383 2 0 0 2 0 0 0 0 0
397 10 0 0 2 0 0 0 0 0
402 8 1 1 2 0 0 4 0 0
403 6 0 0 0 0 0 6 2 2
404 14 0 0 10 0 0 0 0 0
fl=/rustc/73528e339aae0f17a15ffa49a8ac608f50c6cf14//src/libstd/sys/unix/weak.rs
fn=std::sys::unix::fs::try_statx
94 333 1 1 66 0 0 66 0 0
96 195 0 0 0 0 0 0 0 0
fn=std::sys::unix::os::glibc_version
49 4 0 0 0 0 0 0 0 0
50 3 0 0 2 0 0 0 0 0
65 4 0 0 1 1 0 1 0 0
fn=std::sys::unix::pipe::anon_pipe
94 16 1 1 4 0 0 4 1 1
fn=std::sys::unix::thread::Thread::new
49 4 0 0 0 0 0 0 0 0
50 3 0 0 2 0 0 0 0 0
65 4 0 0 1 0 0 1 0 0
fl=/rustc/73528e339aae0f17a15ffa49a8ac608f50c6cf14//src/libstd/sys_common/at_exit_imp.rs
fn=std::sync::once::Once::call_once::{{closure}}
0 15 2 2 1 0 0 2 0 0
45 2 0 0 0 0 0 0 0 0
49 22 0 0 0 0 0 0 0 0
54 19 1 1 3 0 0 8 0 0
56 5 1 1 0 0 0 1 0 0
fn=std::sys_common::at_exit_imp::push
0 3 1 1 0 0 0 2 0 0
29 3 0 0 1 1 1 0 0 0
31 1 0 0 0 0 0 1 0 0
63 11 1 1 0 0 0 8 0 0
65 1 1 1 0 0 0 1 0 0
75 9 0 0 7 0 0 0 0 0
fl=/rustc/73528e339aae0f17a15ffa49a8ac608f50c6cf14//src/libstd/sys_common/condvar.rs
fn=std::thread::Thread::new
25 6 0 0 0 0 0 3 0 0
fl=/rustc/73528e339aae0f17a15ffa49a8ac608f50c6cf14//src/libstd/sys_common/mod.rs
fn=std::io::stdio::stderr
117 3 0 0 0 0 0 1 0 0
fn=std::sys_common::cleanup
121 1 1 1 0 0 0 0 0 0
128 2 0 0 1 0 0 0 0 0
fl=/rustc/73528e339aae0f17a15ffa49a8ac608f50c6cf14//src/libstd/sys_common/mutex.rs
fn=std::sys_common::at_exit_imp::push
82 2 0 0 1 0 0 0 0 0
fl=/rustc/73528e339aae0f17a15ffa49a8ac608f50c6cf14//src/libstd/sys_common/os_str_bytes.rs
fn=std::path::Path::to_str
154 5 1 0 5 1 0 5 0 0
fn=std::path::Path::to_string_lossy
158 4 0 0 4 1 0 4 0 0
fn=std::sys_common::os_str_bytes::Buf::as_slice
112 10 0 0 10 0 0 0 0 0
fl=/rustc/73528e339aae0f17a15ffa49a8ac608f50c6cf14//src/libstd/sys_common/poison.rs
fn=<std::io::stdio::Stderr as std::io::Write>::write_fmt
36 3 0 0 1 0 0 0 0 0
fl=/rustc/73528e339aae0f17a15ffa49a8ac608f50c6cf14//src/libstd/sys_common/process.rs
fn=std::sys::unix::process::process_common::Command::capture_env
63 10 4 2 2 0 0 4 2 2
fn=std::sys::unix::process::process_inner::<impl std::sys::unix::process::process_common::Command>::spawn
95 4 0 0 4 0 0 0 0 0
fl=/rustc/73528e339aae0f17a15ffa49a8ac608f50c6cf14//src/libstd/sys_common/remutex.rs
fn=<std::io::stdio::Stderr as std::io::Write>::write_fmt
76 1 0 0 1 0 0 0 0 0
155 1 1 1 1 0 0 0 0 0
156 1 0 0 1 0 0 0 0 0
fn=alloc::sync::Arc<T>::drop_slow
106 1 0 0 1 0 0 0 0 0
fn=std::io::Write::write_all
147 3 1 1 3 0 0 0 0 0
fn=std::io::stdio::stderr
0 1 0 0 0 0 0 0 0 0
59 8 1 1 4 0 0 4 0 0
fl=/rustc/73528e339aae0f17a15ffa49a8ac608f50c6cf14//src/libstd/sys_common/thread.rs
fn=std::sys::unix::thread::Thread::new::thread_start
10 2 0 0 0 0 0 2 0 0
fn=std::sys_common::thread::min_stack
16 8 1 1 0 0 0 6 0 0
19 4 0 0 0 0 0 0 0 0
20 2 0 0 0 0 0 0 0 0
27 1 0 0 0 0 0 0 0 0
29 12 1 0 8 0 0 0 0 0
fl=/rustc/73528e339aae0f17a15ffa49a8ac608f50c6cf14//src/libstd/sys_common/thread_info.rs
fn=std::sys_common::thread_info::set
36 21 5 2 0 0 0 12 0 0
37 3 0 0 0 0 0 0 0 0
38 21 2 1 6 0 0 15 0 0
39 12 0 0 6 0 0 6 0 0
42 15 2 1 12 0 0 0 0 0
fl=/rustc/73528e339aae0f17a15ffa49a8ac608f50c6cf14//src/libstd/thread/local.rs
fn=<std::io::stdio::Stderr as std::io::Write>::write_fmt
415 2 0 0 0 0 0 0 0 0
fn=std::collections::hash::map::RandomState::new::KEYS::__getit
157 3 3 1 0 0 0 3 0 0
178 3 0 0 2 0 0 0 0 0
415 3 0 0 0 0 0 0 0 0
416 4 0 0 2 0 0 0 0 0
fn=std::io::stdio::_eprint
261 2 1 1 0 0 0 0 0 0
262 5 1 1 3 0 0 2 0 0
415 1 0 0 0 0 0 0 0 0
416 2 1 1 0 0 0 1 0 0
fn=std::sys_common::thread_info::set
239 15 0 0 6 0 0 9 0 0
261 6 0 0 0 0 0 0 0 0
415 6 0 0 0 0 0 0 0 0
416 3 0 0 0 0 0 3 0 0
fn=std::thread::local::fast::Key<T>::try_initialize
313 8 3 2 0 0 0 0 0 0
429 23 5 3 0 0 0 18 0 0
435 29 0 0 24 0 0 0 0 0
442 4 0 0 0 0 0 0 0 0
fn=std::thread::local::fast::destroy_value
460 6 4 2 0 0 0 3 0 0
469 18 2 0 9 0 0 9 0 0
470 10 1 1 7 0 0 0 0 0
fl=/rustc/73528e339aae0f17a15ffa49a8ac608f50c6cf14//src/libstd/thread/mod.rs
fn=std::thread::Builder::new
281 2 1 1 0 0 0 0 0 0
282 4 2 1 0 0 0 4 0 0
286 2 0 0 2 0 0 0 0 0
fn=std::thread::Thread::cname
0 2 0 0 0 0 0 0 0 0
1253 2 0 0 2 0 0 0 0 0
fn=std::thread::Thread::new
1050 3 0 0 0 0 0 3 0 0
1054 9 0 0 3 3 0 0 0 0
1059 6 0 0 0 0 0 3 0 0
1113 18 2 1 0 0 0 15 0 0
1114 9 0 0 6 0 0 3 0 0
1118 6 0 0 3 0 0 3 0 0
1119 6 2 1 0 0 0 6 0 0
1126 21 0 0 18 0 0 0 0 0
fl=/rustc/73528e339aae0f17a15ffa49a8ac608f50c6cf14/src/liballoc/alloc.rs
fn=<alloc::boxed::Box<F> as core::ops::function::FnOnce<A>>::call_once
106 9 1 0 3 0 0 3 0 0
220 3 0 0 3 0 0 0 0 0
222 6 1 0 0 0 0 0 0 0
fn=alloc::sync::Arc<T>::drop_slow
106 13 0 0 6 0 0 1 0 0
fn=core::ops::function::FnOnce::call_once{{vtable-shim}}
106 7 1 1 3 0 0 0 0 0
fn=core::ptr::real_drop_in_place
106 13 0 0 3 0 0 2 0 0
222 2 0 0 0 0 0 0 0 0
fn=std::env::_var_os
106 3 0 0 1 0 0 1 0 0
222 2 0 0 0 0 0 0 0 0
fn=std::env::args_os
84 7 0 0 2 0 0 2 0 0
fn=std::ffi::c_str::CString::from_vec_unchecked
128 4 1 1 1 0 0 1 0 0
fn=std::ffi::c_str::CString::new
84 408 6 2 136 0 0 136 2 1
fn=std::fs::OpenOptions::_open
106 183 0 0 61 0 0 61 0 0
222 122 0 0 0 0 0 0 0 0
fn=std::io::stdio::stderr
84 12 1 1 4 0 0 4 0 0
207 4 0 0 0 0 0 0 0 0
fn=std::path::Path::_join
84 256 0 0 64 0 0 64 0 0
128 600 0 0 100 0 0 100 0 0
fn=std::path::Path::is_dir
0 1 1 1 0 0 0 0 0 0
fn=std::path::Path::is_file
0 64 1 1 0 0 0 0 0 0
fn=std::path::Path::to_path_buf
84 20 0 0 5 0 0 5 0 0
fn=std::rt::lang_start_internal
84 3 0 0 1 1 0 1 0 0
fn=std::sync::once::Once::call_once::{{closure}}
0 1 1 1 1 0 0 0 0 0
106 13 1 1 5 0 0 2 0 0
fn=std::sys::unix::fd::FileDesc::read_to_end
84 12 2 1 4 0 0 4 0 0
128 12 0 0 4 0 0 4 0 0
fn=std::sys::unix::fs::readdir
84 7 1 1 2 0 0 2 0 0
106 3 0 0 1 0 0 1 0 0
207 1 0 0 0 0 0 0 0 0
222 2 0 0 0 0 0 0 0 0
fn=std::sys::unix::fs::stat
106 130 0 0 0 0 0 0 0 0
222 130 0 0 0 0 0 0 0 0
fn=std::sys::unix::process::process_common::Command::arg
84 6 2 1 2 0 0 2 0 0
128 18 0 0 6 0 0 6 0 0
fn=std::sys::unix::process::process_common::Command::new
84 6 0 0 2 0 0 2 0 0
207 2 0 0 0 0 0 0 0 0
fn=std::sys::unix::thread::Thread::new
84 6 0 0 2 0 0 2 0 0
207 2 1 1 0 0 0 0 0 0
fn=std::sys::unix::thread::Thread::new::thread_start
106 8 4 1 2 0 0 2 0 0
fn=std::sys_common::at_exit_imp::push
84 6 2 2 2 0 0 2 0 0
207 1 0 0 0 0 0 0 0 0
fn=std::thread::Thread::new
84 27 0 0 9 0 0 9 0 0
207 9 0 0 0 0 0 0 0 0
fl=/rustc/73528e339aae0f17a15ffa49a8ac608f50c6cf14/src/liballoc/boxed.rs
fn=<alloc::boxed::Box<F> as core::ops::function::FnOnce<A>>::call_once
941 24 3 2 0 0 0 15 0 0
942 36 0 0 9 2 0 9 2 2
943 21 0 0 18 0 0 0 0 0
fn=std::io::stdio::stderr
121 2 1 1 0 0 0 2 0 0
fn=std::sys::unix::thread::Thread::new::thread_start
942 6 0 0 4 0 0 2 0 0
fl=/rustc/73528e339aae0f17a15ffa49a8ac608f50c6cf14/src/liballoc/collections/btree/map.rs
fn=std::sys::unix::process::process_common::Command::capture_env
2120 2 0 0 2 0 0 0 0 0
fl=/rustc/73528e339aae0f17a15ffa49a8ac608f50c6cf14/src/liballoc/raw_vec.rs
fn=std::env::args_os
0 6 1 1 0 0 0 0 0 0
101 2 0 0 0 0 0 0 0 0
225 2 0 0 0 0 0 0 0 0
677 1 0 0 0 0 0 0 0 0
699 2 0 0 0 0 0 0 0 0
707 1 0 0 0 0 0 1 0 0
708 2 0 0 0 0 0 1 0 0
fn=std::ffi::c_str::CString::from_vec_unchecked
0 2 0 0 0 0 0 0 0 0
225 137 6 1 137 0 0 0 0 0
236 274 0 0 274 0 0 0 0 0
251 1 0 0 0 0 0 0 0 0
677 274 0 0 0 0 0 0 0 0
691 1 0 0 0 0 0 0 0 0
693 1 0 0 1 0 0 0 0 0
699 2 0 0 0 0 0 0 0 0
707 1 0 0 0 0 0 1 0 0
708 1 0 0 0 0 0 1 0 0
fn=std::ffi::c_str::CString::new
0 136 0 0 0 0 0 0 0 0
90 136 0 0 0 0 0 0 0 0
101 272 0 0 0 0 0 0 0 0
fn=std::fs::DirEntry::path
225 64 0 0 64 0 0 0 0 0
fn=std::path::Path::_join
0 364 2 2 0 0 0 64 0 0
90 192 4 1 0 0 0 0 0 0
101 128 0 0 0 0 0 0 0 0
236 64 0 0 0 0 0 0 0 0
251 36 0 0 0 0 0 0 0 0
456 100 0 0 0 0 0 0 0 0
677 128 0 0 0 0 0 0 0 0
691 100 0 0 0 0 0 0 0 0
699 200 0 0 0 0 0 0 0 0
707 100 0 0 0 0 0 100 0 0
708 100 0 0 0 0 0 100 0 0
fn=std::path::Path::to_path_buf
90 10 0 0 0 0 0 0 0 0
101 10 0 0 0 0 0 0 0 0
fn=std::path::PathBuf::as_path
225 125 1 1 125 0 0 0 0 0
fn=std::rt::lang_start_internal
101 2 0 0 0 0 0 0 0 0
fn=std::sync::once::Once::call_once::{{closure}}
251 1 0 0 0 0 0 0 0 0
258 1 0 0 0 0 0 0 0 0
741 1 0 0 0 0 0 0 0 0
fn=std::sys::unix::fd::FileDesc::read_to_end
0 16 0 0 0 0 0 0 0 0
236 8 0 0 8 0 0 0 0 0
251 8 0 0 0 0 0 0 0 0
456 8 0 0 0 0 0 0 0 0
677 16 0 0 0 0 0 0 0 0
691 8 0 0 0 0 0 0 0 0
693 4 0 0 4 0 0 0 0 0
699 16 0 0 0 0 0 0 0 0
707 8 0 0 0 0 0 8 0 0
708 8 0 0 0 0 0 8 0 0
fn=std::sys::unix::fs::readdir
90 3 0 0 0 0 0 0 0 0
101 2 0 0 0 0 0 0 0 0
fn=std::sys::unix::process::process_common::Command::arg
0 16 2 1 0 0 0 0 0 0
225 13 0 0 10 0 0 0 0 0
251 8 0 0 0 0 0 0 0 0
258 6 0 0 0 0 0 0 0 0
456 8 2 1 0 0 0 0 0 0
691 8 0 0 0 0 0 0 0 0
693 6 0 0 6 0 0 0 0 0
699 16 0 0 0 0 0 0 0 0
707 8 2 1 0 0 0 8 0 0
708 8 0 0 0 0 0 8 0 0
fn=std::sys::unix::process::process_inner::<impl std::sys::unix::process::process_common::Command>::spawn
225 2 0 0 2 0 0 0 0 0
fn=std::sys_common::at_exit_imp::push
0 2 0 0 0 0 0 0 0 0
251 1 0 0 0 0 0 0 0 0
456 1 0 0 0 0 0 0 0 0
691 1 0 0 0 0 0 0 0 0
699 2 0 0 0 0 0 0 0 0
707 1 0 0 0 0 0 1 0 0
708 1 0 0 0 0 0 1 0 0
fn=std::sys_common::os_str_bytes::Buf::as_slice
225 10 2 1 10 0 0 0 0 0
fn=std::thread::Thread::new
225 1 0 0 1 0 0 0 0 0
fl=/rustc/73528e339aae0f17a15ffa49a8ac608f50c6cf14/src/liballoc/sync.rs
fn=<std::io::stdio::Stderr as std::io::Write>::write_fmt
963 1 0 0 0 0 0 0 0 0
fn=<std::sys::unix::fs::ReadDir as core::iter::traits::iterator::Iterator>::next
0 130 0 0 0 0 0 0 0 0
947 65 0 0 0 0 0 0 0 0
1199 1 0 0 0 0 0 0 0 0
fn=alloc::sync::Arc<T>::drop_slow
703 6 2 2 0 0 0 4 0 0
706 1 0 0 0 0 0 0 0 0
708 2 0 0 0 0 0 0 0 0
710 2 0 0 2 0 0 0 0 0
fn=core::ops::function::FnOnce::call_once{{vtable-shim}}
1199 1 0 0 0 0 0 0 0 0
1234 2 0 0 0 0 0 1 0 0
fn=std::io::stdio::_eprint
1199 1 0 0 0 0 0 0 0 0
fn=std::io::stdio::stderr
0 1 0 0 0 0 0 0 0 0
305 14 1 1 4 0 0 10 0 0
947 1 0 0 0 0 0 0 0 0
fn=std::sys::unix::fs::readdir
305 7 0 0 2 0 0 5 0 0
fn=std::thread::Thread::cname
963 2 0 0 0 0 0 0 0 0
fn=std::thread::Thread::new
305 30 3 1 6 0 0 24 2 1
fn=std::thread::local::fast::destroy_value
1199 3 0 0 0 0 0 0 0 0
1234 1 0 0 0 0 0 1 0 0
fl=/rustc/73528e339aae0f17a15ffa49a8ac608f50c6cf14/src/liballoc/vec.rs
fn=<std::env::ArgsOs as core::iter::traits::iterator::Iterator>::next
2520 6 0 0 4 0 0 0 0 0
2521 1 0 0 0 0 0 1 0 0
2533 1 0 0 0 0 0 1 0 0
fn=<std::io::Guard as core::ops::drop::Drop>::drop
938 122 0 0 0 0 0 122 0 0
fn=std::env::args_os
320 3 0 0 0 0 0 2 0 0
1631 5 1 1 3 0 0 1 0 0
2033 1 0 0 0 0 0 1 0 0
fn=std::ffi::c_str::CString::from_vec_unchecked
526 137 0 0 137 0 0 0 0 0
622 274 0 0 0 0 0 0 0 0
1149 274 5 0 0 0 0 0 0 0
1155 274 5 1 0 0 0 137 0 0
fn=std::fs::DirEntry::path
1883 64 0 0 64 0 0 0 0 0
fn=std::path::Path::_join
938 128 1 1 0 0 0 128 0 0
2093 56 1 1 0 0 0 0 0 0
fn=std::path::PathBuf::as_path
1883 125 0 0 125 0 0 0 0 0
fn=std::sync::once::Once::call_once::{{closure}}
0 1 0 0 0 0 0 0 0 0
2520 8 0 0 1 0 0 1 0 0
fn=std::sys::unix::fd::FileDesc::read_to_end
938 12 0 0 0 0 0 12 0 0
1320 22 2 1 10 0 0 8 0 0
1892 24 0 0 8 0 0 0 0 0
fn=std::sys::unix::process::process_common::Command::arg
1149 36 0 0 24 0 0 0 0 0
1153 13 0 0 8 0 0 0 0 0
1155 24 0 0 12 0 0 12 0 0
1320 6 0 0 6 0 0 0 0 0
1892 6 0 0 6 0 0 0 0 0
fn=std::sys::unix::process::process_common::Command::new
320 6 0 0 0 0 0 4 0 0
fn=std::sys::unix::process::process_inner::<impl std::sys::unix::process::process_common::Command>::spawn
1336 2 0 0 2 0 0 0 0 0
fn=std::sys_common::at_exit_imp::push
320 3 0 0 0 0 0 2 0 0
1149 3 0 0 2 0 0 0 0 0
1153 1 0 0 1 0 0 0 0 0
1155 1 0 0 1 0 0 0 0 0
fn=std::sys_common::os_str_bytes::Buf::as_slice
1883 10 0 0 10 0 0 0 0 0
fn=std::thread::Thread::new
1883 1 1 1 1 0 0 0 0 0
fl=/rustc/73528e339aae0f17a15ffa49a8ac608f50c6cf14/src/libcore/alloc.rs
fn=std::env::args_os
242 2 0 0 0 0 0 0 0 0
fn=std::sys::unix::process::process_common::Command::arg
242 16 0 0 0 0 0 0 0 0
fn=std::sys_common::at_exit_imp::push
242 2 0 0 0 0 0 0 0 0
fl=/rustc/73528e339aae0f17a15ffa49a8ac608f50c6cf14/src/libcore/cell.rs
fn=<std::io::stdio::Stderr as std::io::Write>::write_fmt
420 1 0 0 0 0 0 0 0 0
fn=std::io::Write::write_all
1354 6 0 0 3 0 0 0 0 0
fn=std::io::stdio::_eprint
899 1 0 0 0 0 0 0 0 0
1354 2 1 1 1 0 0 0 0 0
fn=std::io::stdio::stderr
420 1 0 0 1 0 0 0 0 0
fn=std::sys_common::thread_info::set
420 3 2 1 3 0 0 0 0 0
631 3 0 0 0 0 0 0 0 0
898 3 0 0 0 0 0 0 0 0
1105 3 0 0 0 0 0 0 0 0
1340 3 0 0 3 0 0 0 0 0
1354 6 0 0 3 0 0 0 0 0
fn=std::thread::local::fast::Key<T>::try_initialize
420 16 3 1 8 0 0 0 0 0
fl=/rustc/73528e339aae0f17a15ffa49a8ac608f50c6cf14/src/libcore/cmp.rs
fn=<std::fs::File as std::io::Read>::read
0 600 0 0 0 0 0 0 0 0
fn=<std::path::Components as core::iter::traits::double_ended::DoubleEndedIterator>::next_back
822 7 0 0 0 0 0 0 0 0
fn=std::env::args_os
1092 1 0 0 0 0 0 0 0 0
fn=std::path::Components::parse_next_component_back
822 6 1 1 0 0 0 0 0 0
fn=std::path::Path::_join
0 100 0 0 0 0 0 0 0 0
978 100 0 0 0 0 0 0 0 0
fn=std::sync::once::Once::call_once::{{closure}}
1092 30 0 0 0 0 0 0 0 0
fn=std::sys::unix::fd::FileDesc::read_to_end
0 28 0 0 0 0 0 0 0 0
978 8 0 0 0 0 0 0 0 0
fn=std::sys::unix::fs::try_statx
1014 1 0 0 1 0 0 0 0 0
fn=std::sys::unix::process::process_common::Command::arg
0 16 0 0 0 0 0 0 0 0
978 8 0 0 0 0 0 0 0 0
fn=std::sys::unix::process::process_inner::<impl std::sys::unix::process::process_common::Command>::spawn
1014 2 0 0 2 0 0 0 0 0
1092 2 0 0 2 0 0 0 0 0
fn=std::sys::unix::thread::Thread::new
0 4 0 0 0 0 0 0 0 0
978 2 0 0 0 0 0 0 0 0
fn=std::sys_common::at_exit_imp::push
0 2 0 0 0 0 0 0 0 0
978 1 0 0 0 0 0 0 0 0
fl=/rustc/73528e339aae0f17a15ffa49a8ac608f50c6cf14/src/libcore/convert.rs
fn=std::thread::Thread::new
547 6 0 0 2 1 0 3 0 0
fl=/rustc/73528e339aae0f17a15ffa49a8ac608f50c6cf14/src/libcore/fmt/mod.rs
fn=<&mut W as core::fmt::Write>::write_str
201 11 1 1 0 0 0 11 0 0
202 11 0 0 11 0 0 0 0 0
203 33 0 0 22 0 0 0 0 0
fn=alloc::fmt::format
195 10 1 1 4 0 0 4 0 0
350 2 0 0 2 0 0 0 0 0
353 1 0 0 0 0 0 0 0 0
355 4 1 1 0 0 0 0 0 0
fl=/rustc/73528e339aae0f17a15ffa49a8ac608f50c6cf14/src/libcore/intrinsics.rs
fn=<alloc::string::String as core::clone::Clone>::clone
1471 8 1 1 2 0 0 2 0 0
fn=<alloc::vec::Vec<T> as alloc::vec::SpecExtend<&T,core::slice::Iter<T>>>::spec_extend
1471 88 0 0 55 0 0 0 0 0
fn=<std::io::stdio::Stderr as std::io::Write>::write_fmt
1471 5 1 1 0 0 0 3 0 0
fn=core::ops::function::FnOnce::call_once{{vtable-shim}}
1471 2 0 0 1 0 0 1 0 0
fn=std::env::_var_os
0 1 1 1 0 0 0 0 0 0
fn=std::env::args_os
1471 4 0 0 1 0 0 1 0 0
fn=std::ffi::c_str::CString::from_vec_unchecked
1471 137 6 1 137 0 0 0 0 0
fn=std::ffi::c_str::CString::new
1471 544 0 0 136 0 0 136 0 0
fn=std::io::Write::write_all
1471 6 0 0 3 0 0 3 0 0
fn=std::io::stdio::_eprint
1471 3 1 1 0 0 0 2 0 0
fn=std::io::stdio::stderr
1471 2 0 0 0 0 0 1 0 0
fn=std::panicking::try::do_call
1471 1 0 0 1 0 0 0 0 0
fn=std::path::Path::_join
1471 576 0 0 192 0 0 192 0 0
fn=std::path::Path::to_path_buf
1471 20 1 1 5 0 0 5 0 0
fn=std::process::Child::wait_with_output
1471 22 2 1 8 0 0 6 0 0
fn=std::rt::lang_start_internal
1471 1 1 1 0 0 0 1 0 0
fn=std::sync::once::Once::call_once::{{closure}}
1471 23 0 0 12 0 0 11 0 0
fn=std::sys::unix::fs::readdir
1471 4 1 1 1 0 0 1 0 0
fn=std::sys_common::thread_info::set
1471 6 0 0 3 0 0 3 0 0
fn=std::thread::local::fast::Key<T>::try_initialize
1471 43 5 3 17 2 1 13 0 0
fn=std::thread::local::fast::destroy_value
1471 23 0 0 14 5 1 8 0 0
fl=/rustc/73528e339aae0f17a15ffa49a8ac608f50c6cf14/src/libcore/iter/adapters/mod.rs
fn=<core::iter::adapters::Fuse<I> as core::iter::traits::iterator::Iterator>::next
2167 32 4 2 0 0 0 24 0 0
2169 36 2 1 28 0 0 0 0 0
fn=std::sys::unix::os::glibc_version
2018 6 0 0 0 0 0 2 0 0
fl=/rustc/73528e339aae0f17a15ffa49a8ac608f50c6cf14/src/libcore/iter/range.rs
fn=std::env::args_os
0 6 0 0 0 0 0 3 0 0
116 2 0 0 0 0 0 0 0 0
206 2 0 0 0 0 0 0 0 0
fn=std::sync::once::Once::call_once::{{closure}}
339 10 0 0 0 0 0 0 0 0
344 11 0 0 0 0 0 0 0 0
fl=/rustc/73528e339aae0f17a15ffa49a8ac608f50c6cf14/src/libcore/iter/traits/double_ended.rs
fn=std::path::Components::parse_next_component_back
163 7 1 1 0 0 0 0 0 0
164 10 0 0 0 0 0 0 0 0
fl=/rustc/73528e339aae0f17a15ffa49a8ac608f50c6cf14/src/libcore/iter/traits/iterator.rs
fn=std::env::args_os
1831 3 1 1 0 0 0 3 0 0
fn=std::sys::unix::os::glibc_version
1254 20 2 1 0 0 0 18 0 0
fl=/rustc/73528e339aae0f17a15ffa49a8ac608f50c6cf14/src/libcore/mem/mod.rs
fn=<std::sys::unix::fs::ReadDir as core::iter::traits::iterator::Iterator>::next
462 195 0 0 65 1 0 65 1 1
fn=std::process::Child::wait_with_output
462 4 0 0 0 0 0 2 0 0
fn=std::rt::lang_start_internal
462 20 1 1 0 0 0 15 2 1
fn=std::sys::unix::fs::try_statx
462 1105 135 2 0 0 0 1040 0 0
fn=std::sys::unix::thread::Thread::new
462 12 2 1 0 0 0 8 0 0
fn=std::sys::unix::thread::Thread::new::thread_start
462 10 0 0 0 0 0 4 0 0
fn=std::sys::unix::thread::guard::current
462 12 0 0 0 0 0 8 1 1
fn=std::thread::local::fast::Key<T>::try_initialize
637 9 0 0 0 0 0 9 0 0
fn=std::thread::local::fast::destroy_value
637 9 0 0 0 0 0 9 0 0
fl=/rustc/73528e339aae0f17a15ffa49a8ac608f50c6cf14/src/libcore/num/mod.rs
fn=<alloc::vec::Vec<T> as alloc::vec::SpecExtend<&T,core::slice::Iter<T>>>::spec_extend
3073 22 0 0 0 0 0 0 0 0
fn=alloc::fmt::format
0 1 0 0 0 0 0 0 0 0
3404 2 0 0 0 0 0 0 0 0
fn=hashbrown::raw::capacity_to_buckets
3404 6 0 0 0 0 0 0 0 0
3776 12 0 0 0 0 0 0 0 0
3782 9 2 1 0 0 0 0 0 0
3783 27 0 0 0 0 0 0 0 0
3784 9 0 0 0 0 0 0 0 0
3785 18 0 0 0 0 0 0 0 0
fn=std::env::args_os
3404 3 0 0 0 0 0 0 0 0
fn=std::path::Path::_join
3073 128 0 0 0 0 0 0 0 0
3377 128 0 0 0 0 0 0 0 0
fn=std::sys::unix::fd::FileDesc::read_to_end
3073 16 0 0 0 0 0 0 0 0
fn=std::sys::unix::process::process_common::Command::arg
3349 16 0 0 0 0 0 0 0 0
3404 24 0 0 0 0 0 0 0 0
fn=std::sys_common::at_exit_imp::push
3349 2 0 0 0 0 0 0 0 0
3404 3 0 0 0 0 0 0 0 0
fn=std::sys_common::thread_info::set
1118 3 0 0 0 0 0 0 0 0
fl=/rustc/73528e339aae0f17a15ffa49a8ac608f50c6cf14/src/libcore/ops/arith.rs
fn=alloc::fmt::format
100 6 0 0 6 2 0 0 0 0
fn=std::sync::once::Once::call_once::{{closure}}
100 9 1 1 0 0 0 0 0 0
fl=/rustc/73528e339aae0f17a15ffa49a8ac608f50c6cf14/src/libcore/ops/function.rs
fn=core::ops::function::FnOnce::call_once{{vtable-shim}}
227 4 1 1 1 0 0 3 0 0
fl=/rustc/73528e339aae0f17a15ffa49a8ac608f50c6cf14/src/libcore/option.rs
fn=<core::iter::adapters::Fuse<I> as core::iter::traits::iterator::Iterator>::next
447 12 0 0 4 0 0 4 0 0
fn=<std::fs::ReadDir as core::iter::traits::iterator::Iterator>::next
447 707 71 2 129 0 0 128 0 0
448 2 0 0 0 0 0 1 0 0
fn=<std::io::stdio::Stderr as std::io::Write>::write_fmt
266 5 0 0 3 0 0 0 0 0
fn=<std::path::Components as core::iter::traits::double_ended::DoubleEndedIterator>::next_back
186 1 1 1 0 0 0 0 0 0
266 4 0 0 1 0 0 0 0 0
447 1 0 0 0 0 0 0 0 0
fn=std::collections::hash::map::RandomState::new::KEYS::__getit
266 9 0 0 6 1 0 0 0 0
fn=std::ffi::c_str::CString::from_vec_unchecked
523 1 0 0 0 0 0 0 0 0
fn=std::io::stdio::_eprint
266 2 0 0 2 1 0 0 0 0
287 2 1 1 1 0 0 0 0 0
fn=std::io::stdio::stderr
344 2 1 1 0 0 0 0 0 0
fn=std::path::Components::include_cur_dir
266 4 1 1 0 0 0 0 0 0
447 2 0 0 0 0 0 0 0 0
fn=std::path::Components::parse_next_component_back
266 2 0 0 1 0 0 0 0 0
447 1 0 0 0 0 0 0 0 0
fn=std::path::Path::_join
447 192 0 0 0 0 0 0 0 0
523 100 0 0 0 0 0 0 0 0
fn=std::path::Path::file_name
655 4 0 0 2 0 0 0 0 0
fn=std::process::Child::wait_with_output
0 6 0 0 0 0 0 0 0 0
fn=std::process::ExitStatus::success
148 6 2 0 2 0 0 0 0 0
fn=std::sync::once::Once::call_once::{{closure}}
377 2 0 0 1 0 0 0 0 0
fn=std::sys::unix::fd::FileDesc::read_to_end
523 8 2 1 0 0 0 0 0 0
fn=std::sys::unix::os::glibc_version
447 4 0 0 0 0 0 0 0 0
fn=std::sys::unix::process::process_common::Command::arg
523 8 0 0 0 0 0 0 0 0
fn=std::sys::unix::process::process_common::Command::capture_env
448 4 0 0 0 0 0 2 0 0
fn=std::sys::unix::process::process_common::Command::setup_io
266 12 2 1 6 0 0 0 0 0
400 10 2 1 0 0 0 2 0 0
fn=std::sys::unix::process::process_inner::<impl std::sys::unix::process::process_common::Command>::spawn
0 4 0 0 2 1 0 0 0 0
186 4 2 1 4 0 0 0 0 0
266 10 0 0 2 0 0 0 0 0
447 2 0 0 0 0 0 0 0 0
fn=std::sys_common::at_exit_imp::push
523 1 0 0 0 0 0 0 0 0
fn=std::sys_common::thread::min_stack
0 1 1 1 0 0 0 0 0 0
fn=std::sys_common::thread_info::set
186 3 0 0 3 0 0 0 0 0
266 15 2 1 9 1 0 0 0 0
fn=std::thread::Thread::cname
266 6 0 0 2 0 0 0 0 0
447 2 0 0 0 0 0 0 0 0
fn=std::thread::Thread::new
377 6 2 1 0 0 0 0 0 0
447 6 0 0 0 0 0 0 0 0
fl=/rustc/73528e339aae0f17a15ffa49a8ac608f50c6cf14/src/libcore/ptr/mod.rs
fn=<&mut W as core::fmt::Write>::write_str
1166 11 0 0 0 0 0 0 0 0
fn=<alloc::vec::Vec<T> as alloc::vec::SpecExtend<&T,core::slice::Iter<T>>>::spec_extend
1865 11 0 0 0 0 0 0 0 0
fn=<core::iter::adapters::Fuse<I> as core::iter::traits::iterator::Iterator>::next
0 4 0 0 0 0 0 0 0 0
1166 4 0 0 2 0 0 0 0 0
fn=<std::env::ArgsOs as core::iter::traits::iterator::Iterator>::next
602 4 1 1 2 0 0 2 0 0
1166 1 0 0 0 0 0 0 0 0
fn=<std::io::stdio::Stderr as std::io::Write>::write_fmt
0 2 0 0 0 0 0 0 0 0
175 3 0 0 1 0 0 0 0 0
fn=<std::sync::once::Finish as core::ops::drop::Drop>::drop
1741 1 0 0 0 0 0 0 0 0
fn=alloc::fmt::format
1166 2 0 0 0 0 0 0 0 0
fn=alloc::sync::Arc<T>::drop_slow
165 1 0 0 0 0 0 1 0 0
175 1 0 0 1 0 0 0 0 0
fn=core::ptr::real_drop_in_place
175 11 1 1 5 1 0 3 0 0
fn=std::env::_var_os
175 1 0 0 1 0 0 0 0 0
1042 1 0 0 0 0 0 0 0 0
fn=std::env::args_os
785 3 0 0 0 0 0 3 0 0
1865 4 0 0 0 0 0 0 0 0
fn=std::ffi::c_str::CString::from_vec_unchecked
785 137 0 0 0 0 0 137 0 0
fn=std::ffi::c_str::CString::new
1741 136 0 0 0 0 0 0 0 0
fn=std::fs::OpenOptions::_open
175 61 0 0 61 0 0 0 0 0
fn=std::io::Write::write_all
1166 6 0 0 0 0 0 0 0 0
fn=std::io::stdio::stderr
1741 4 0 0 0 0 0 0 0 0
fn=std::path::Components::include_cur_dir
1166 6 1 1 0 0 0 0 0 0
fn=std::path::Components::parse_next_component_back
1166 2 0 0 0 0 0 0 0 0
fn=std::path::Path::_join
1865 64 0 0 0 0 0 0 0 0
fn=std::process::Child::wait_with_output
175 8 0 0 0 0 0 0 0 0
fn=std::sync::once::Once::call_inner
175 1 0 0 1 0 0 1 0 0
fn=std::sync::once::Once::call_once::{{closure}}
1741 1 0 0 0 0 0 0 0 0
1865 2 0 0 0 0 0 0 0 0
fn=std::sys::unix::fd::FileDesc::read_to_end
1865 10 0 0 0 0 0 0 0 0
fn=std::sys::unix::fs::readdir
175 1 0 0 1 0 0 0 0 0
1741 2 0 0 0 0 0 0 0 0
fn=std::sys::unix::fs::stat
175 130 0 0 130 0 0 0 0 0
fn=std::sys::unix::os::glibc_version
1741 1 0 0 0 0 0 0 0 0
fn=std::sys::unix::process::process_common::Command::arg
785 24 0 0 0 0 0 18 0 0
fn=std::sys::unix::process::process_common::Command::new
1741 2 0 0 0 0 0 0 0 0
fn=std::sys::unix::process::process_common::Command::stderr
175 4 0 0 2 0 0 0 0 0
fn=std::sys::unix::process::process_common::Command::stdout
175 4 0 0 2 0 0 0 0 0
fn=std::sys::unix::process::process_inner::<impl std::sys::unix::process::process_common::Command>::spawn
175 20 2 1 8 0 0 0 0 0
fn=std::sys::unix::thread::Thread::new
1741 3 0 0 0 0 0 0 0 0
fn=std::sys::unix::thread::Thread::new::thread_start
1741 2 0 0 0 0 0 0 0 0
fn=std::sys_common::at_exit_imp::push
785 3 0 0 0 0 0 2 0 0
1741 1 0 0 0 0 0 0 0 0
fn=std::sys_common::thread::min_stack
175 2 0 0 0 0 0 0 0 0
fn=std::sys_common::thread_info::set
175 6 0 0 3 0 0 0 0 0
fn=std::thread::Thread::new
1741 10 0 0 0 0 0 0 0 0
fn=std::thread::local::fast::Key<T>::try_initialize
0 8 0 0 0 0 0 0 0 0
175 14 0 0 1 0 0 0 0 0
fn=std::thread::local::fast::destroy_value
0 1 0 0 0 0 0 0 0 0
175 10 0 0 4 0 0 0 0 0
fl=/rustc/73528e339aae0f17a15ffa49a8ac608f50c6cf14/src/libcore/ptr/non_null.rs
fn=<std::io::stdio::Stderr as std::io::Write>::write_fmt
114 1 0 0 1 0 0 0 0 0
fn=<std::sys::unix::fs::ReadDir as core::iter::traits::iterator::Iterator>::next
114 133 3 1 133 0 0 0 0 0
fn=alloc::sync::Arc<T>::drop_slow
114 2 0 0 2 0 0 0 0 0
125 2 0 0 2 0 0 0 0 0
fn=core::ops::function::FnOnce::call_once{{vtable-shim}}
114 1 0 0 1 0 0 0 0 0
fn=std::fs::DirEntry::path
114 64 60 1 64 0 0 0 0 0
fn=std::thread::Thread::cname
114 2 2 1 2 0 0 0 0 0
fn=std::thread::local::fast::destroy_value
114 3 0 0 3 0 0 0 0 0
fl=/rustc/73528e339aae0f17a15ffa49a8ac608f50c6cf14/src/libcore/result.rs
fn=<std::fs::ReadDir as core::iter::traits::iterator::Iterator>::next
0 128 0 0 0 0 0 0 0 0
512 320 0 0 64 0 0 64 0 0
fn=alloc::fmt::format
959 2 0 0 0 0 0 0 0 0
fn=std::env::_var_os
817 5 1 1 2 0 0 2 0 0
fn=std::env::args_os
573 1 0 0 0 0 0 0 0 0
fn=std::fs::OpenOptions::_open
512 244 2 1 61 0 0 61 0 0
513 61 0 0 0 0 0 61 0 0
fn=std::io::stdio::_eprint
817 8 0 0 2 0 0 4 0 0
fn=std::path::Path::is_dir
512 2 0 0 1 0 0 0 0 0
fn=std::path::Path::is_file
512 128 0 0 64 0 0 0 0 0
fn=std::path::Path::to_str
0 5 0 0 5 0 0 0 0 0
390 15 0 0 10 0 0 0 0 0
fn=std::process::Child::wait_with_output
0 8 4 2 2 0 0 0 0 0
512 6 0 0 4 0 0 0 0 0
932 4 0 0 0 0 0 0 0 0
1438 16 2 1 6 0 0 10 0 0
fn=std::process::Command::spawn
512 20 2 1 10 0 0 8 1 1
513 2 0 0 0 0 0 2 0 0
fn=std::sys::unix::fs::File::open_c
1438 1952 8 4 488 0 0 1403 0 0
fn=std::sys::unix::fs::readdir
1438 3 0 0 0 0 0 3 0 0
fn=std::sys::unix::fs::stat
1438 195 0 0 0 0 0 195 1 1
fn=std::sys::unix::process::process_common::Command::arg
573 8 0 0 0 0 0 0 0 0
fn=std::sys::unix::process::process_common::Command::setup_io
1438 24 2 1 12 0 0 12 0 0
fn=std::sys::unix::process::process_common::os2c
817 32 4 2 24 0 0 0 0 0
fn=std::sys::unix::process::process_inner::<impl std::sys::unix::process::process_common::Command>::spawn
0 2 2 1 2 2 0 0 0 0
1438 16 2 1 8 0 0 8 2 2
fn=std::sys::unix::process::process_inner::Process::wait
1438 16 4 2 4 0 0 12 0 0
fn=std::sys_common::at_exit_imp::push
573 1 1 1 0 0 0 0 0 0
fn=std::sys_common::thread::min_stack
0 1 0 0 1 0 0 0 0 0
390 2 0 0 1 0 0 0 0 0
fn=std::sys_common::thread_info::set
0 3 2 1 0 0 0 0 0 0
fl=/rustc/73528e339aae0f17a15ffa49a8ac608f50c6cf14/src/libcore/slice/mod.rs
fn=<alloc::vec::Vec<T> as alloc::vec::SpecExtend<&T,core::slice::Iter<T>>>::spec_extend
3116 11 0 0 0 0 0 0 0 0
fn=<core::iter::adapters::Fuse<I> as core::iter::traits::iterator::Iterator>::next
0 6 0 0 4 0 0 0 0 0
2812 14 0 0 0 0 0 0 0 0
2846 4 0 0 0 0 0 0 0 0
5456 4 0 0 2 0 0 0 0 0
5461 6 2 1 2 0 0 2 0 0
fn=<std::path::Components as core::iter::traits::double_ended::DoubleEndedIterator>::next_back
2846 1 0 0 0 0 0 0 0 0
fn=<std::sys::unix::fs::ReadDir as core::iter::traits::iterator::Iterator>::next
0 260 4 2 130 0 0 0 0 0
2846 388 1 0 0 0 0 0 0 0
5461 8 0 0 3 0 0 0 0 0
fn=alloc::fmt::format
0 2 0 0 0 0 0 0 0 0
85 1 0 0 1 0 0 0 0 0
3220 32 2 2 0 0 0 0 0 0
fn=std::env::args_os
2846 4 1 1 0 0 0 0 0 0
fn=std::fs::DirEntry::path
2846 128 0 0 0 0 0 0 0 0
fn=std::io::Write::write_all
85 6 0 0 0 0 0 0 0 0
2844 9 0 0 0 0 0 0 0 0
fn=std::path::Components::include_cur_dir
3097 8 1 1 0 0 0 0 0 0
3220 2 0 0 0 0 0 0 0 0
fn=std::path::Components::parse_next_component_back
2844 8 0 0 0 0 0 0 0 0
3097 5 0 0 0 0 0 0 0 0
3311 2 0 0 0 0 0 0 0 0
3313 5 0 0 0 0 0 0 0 0
5453 6 0 0 0 0 0 0 0 0
fn=std::path::Path::_join
85 128 0 0 0 0 0 64 0 0
fn=std::path::Path::file_name
85 1 0 0 0 0 0 0 0 0
fn=std::sys::unix::fd::FileDesc::read_to_end
0 10 0 0 10 0 0 0 0 0
2856 46 0 0 0 0 0 0 0 0
fn=std::sys::unix::os::glibc_version
0 2 0 0 0 0 0 0 0 0
2846 4 2 1 0 0 0 0 0 0
fn=std::sys::unix::process::process_common::Command::arg
2802 12 0 0 0 0 0 0 0 0
fn=std::sys::unix::process::process_inner::<impl std::sys::unix::process::process_common::Command>::spawn
2796 4 2 1 2 0 0 0 0 0
fl=/rustc/73528e339aae0f17a15ffa49a8ac608f50c6cf14/src/libcore/str/mod.rs
fn=<core::iter::adapters::Fuse<I> as core::iter::traits::iterator::Iterator>::next
0 8 0 0 4 0 0 0 0 0
1080 8 0 0 4 0 0 0 0 0
1081 2 0 0 0 0 0 2 0 0
1083 6 0 0 4 0 0 0 0 0
1093 8 0 0 4 0 0 0 0 0
1098 4 2 1 4 0 0 0 0 0
1099 4 0 0 0 0 0 2 0 0
1780 4 0 0 0 0 0 0 0 0
3969 8 0 0 4 0 0 4 0 0
fl=/rustc/73528e339aae0f17a15ffa49a8ac608f50c6cf14/src/libcore/str/pattern.rs
fn=<core::iter::adapters::Fuse<I> as core::iter::traits::iterator::Iterator>::next
0 6 0 0 0 0 0 2 0 0
297 12 0 0 4 0 0 0 0 0
298 8 0 0 8 0 0 0 0 0
304 8 0 0 4 0 0 4 0 0
305 16 2 1 8 1 0 4 0 0
323 8 0 0 2 0 0 2 0 0
324 8 0 0 2 0 0 0 0 0
326 4 2 1 2 0 0 0 0 0
327 2 0 0 0 0 0 0 0 0
334 4 0 0 2 0 0 2 0 0
fl=/rustc/73528e339aae0f17a15ffa49a8ac608f50c6cf14/src/libcore/sync/atomic.rs
fn=<std::io::stdio::Stderr as std::io::Write>::write_fmt
2149 1 0 0 1 0 0 0 0 0
fn=<std::sys::unix::fs::ReadDir as core::iter::traits::iterator::Iterator>::next
2176 65 0 0 130 0 0 0 0 0
2187 1 0 0 2 0 0 0 0 0
fn=alloc::sync::Arc<T>::drop_slow
2187 2 1 1 4 0 0 0 0 0
fn=core::ops::function::FnOnce::call_once{{vtable-shim}}
2187 1 0 0 2 0 0 0 0 0
fn=std::io::stdio::_eprint
2187 1 0 0 2 0 0 0 0 0
fn=std::io::stdio::stderr
2176 1 0 0 2 0 0 0 0 0
fn=std::sync::once::Once::call_inner
2150 1 0 0 1 0 0 0 0 0
2207 2 2 2 1 0 0 0 0 0
fn=std::sys::unix::fs::File::open_c
2138 1 0 0 0 0 0 1 0 0
2149 61 0 0 61 0 0 0 0 0
fn=std::sys::unix::fs::try_statx
2138 1 0 0 0 0 0 1 0 0
2149 65 0 0 65 0 0 0 0 0
fn=std::sys::unix::os::glibc_version
2139 1 0 0 2 0 0 0 0 0
2150 4 1 0 4 2 0 0 0 0
fn=std::sys::unix::pipe::anon_pipe
406 4 0 0 0 0 0 0 0 0
2150 4 0 0 4 0 0 0 0 0
fn=std::sys::unix::thread::Thread::new
2139 1 0 0 2 0 0 0 0 0
2150 4 0 0 4 2 0 0 0 0
fn=std::sys_common::cleanup
2148 1 0 0 1 1 0 0 0 0
fn=std::sys_common::thread::min_stack
2139 1 0 0 2 0 0 0 0 0
2150 2 0 0 2 1 1 0 0 0
fn=std::thread::local::fast::Key<T>::try_initialize
406 2 0 0 0 0 0 0 0 0
2149 2 0 0 2 1 0 0 0 0
fn=std::thread::local::fast::destroy_value
2187 3 0 0 6 2 0 0 0 0
fl=/rustc/73528e339aae0f17a15ffa49a8ac608f50c6cf14/src/libcore/tuple.rs
fn=std::sys::unix::process::process_inner::<impl std::sys::unix::process::process_common::Command>::spawn
79 2 2 1 0 0 0 0 0 0
fl=???
fn=(below main)
0 56 5 5 16 1 0 16 0 0
fn=<&T as core::fmt::Display>::fmt
0 23 5 3 13 4 1 0 0 0
fn=<&mut W as core::fmt::Write>::write_str
0 44 2 1 16 0 0 12 0 0
fn=<alloc::collections::btree::map::BTreeMap<K,V> as core::ops::drop::Drop>::drop
0 78 14 9 33 1 0 21 0 0
fn=<alloc::collections::btree::map::Values<K,V> as core::iter::traits::iterator::Iterator>::next
0 5 2 2 2 0 0 0 0 0
fn=<alloc::collections::vec_deque::Iter<T> as core::iter::traits::iterator::Iterator>::fold
0 56 4 4 22 0 0 19 0 0
fn=<alloc::collections::vec_deque::VecDeque<A> as core::iter::traits::collect::FromIterator<A>>::from_iter
0 22953 16 8 5408 0 0 2437 0 0
fn=<alloc::string::String as core::fmt::Display>::fmt
0 10 1 1 6 0 0 0 0 0
fn=<alloc::vec::Vec<T> as alloc::vec::SpecExtend<T,I>>::from_iter
0 528 47 47 81 3 3 122 2 2
fn=<alloc::vec::Vec<T> as core::ops::drop::Drop>::drop
0 120 3 3 15 1 0 21 0 0
fn=<clap::args::arg_builder::flag::FlagBuilder as core::convert::From<clap::args::arg::Arg>>::from
0 511 6 6 175 1 0 259 0 0
fn=<clap::args::arg_builder::option::OptBuilder as clap::args::any_arg::AnyArg>::blacklist
0 12 1 1 12 0 0 0 0 0
fn=<clap::args::arg_builder::option::OptBuilder as core::convert::From<clap::args::arg::Arg>>::from
0 1144 15 15 432 0 0 616 0 0
fn=<core::iter::adapters::FilterMap<I,F> as core::iter::traits::iterator::Iterator>::next
0 697 9 9 209 1 0 66 0 0
fn=<core::iter::adapters::Map<I,F> as core::iter::traits::iterator::Iterator>::fold
0 25171 252 36 4913 5 0 3863 3 3
fn=<core::iter::adapters::flatten::FlatMap<I,U,F> as core::iter::traits::iterator::Iterator>::next
0 28 5 5 11 0 0 7 1 1
fn=<hashbrown::raw::RawTable<T> as core::ops::drop::Drop>::drop
0 1119 15 15 203 1 0 93 0 0
fn=<ruwi::structs::AutoMode as core::str::FromStr>::from_str
0 18 2 2 4 1 1 0 0 0
fn=<ruwi::structs::ConnectionType as core::str::FromStr>::from_str
0 18 3 3 4 0 0 0 0 0
fn=<ruwi::structs::Options as core::clone::Clone>::clone
0 162 7 7 58 0 0 56 6 0
fn=<ruwi::structs::Options as core::default::Default>::default
0 50 4 4 12 0 0 22 1 0
fn=<ruwi::structs::RuwiError as core::fmt::Display>::fmt
0 5 2 1 3 0 0 0 0 0
fn=<std::collections::hash::map::DefaultHasher as core::hash::Hasher>::write
0 2424 7 7 385 3 1 240 0 0
fn=???
0 1701 115 71 763 64 0 53 2 1
fn=_Exit
0 9 2 2 1 0 0 0 0 0
fn=_IO_cleanup
0 106 10 10 34 1 0 18 0 0
fn=_IO_default_finish
0 16 2 2 6 0 0 1 0 0
fn=_IO_doallocbuf
0 26 3 3 8 1 0 4 0 0
fn=_IO_enable_locks
0 22 1 1 9 5 0 1 0 0
fn=_IO_file_close
0 3 1 1 1 0 0 0 0 0
fn=_IO_file_close_it@@GLIBC_2.2.5
0 55 6 6 10 0 0 16 0 0
fn=_IO_file_doallocate
0 51 5 5 12 1 0 7 0 0
fn=_IO_file_finish@@GLIBC_2.2.5
0 13 2 2 3 0 0 2 0 0
fn=_IO_file_fopen@@GLIBC_2.2.5
0 94 8 8 19 2 2 9 0 0
fn=_IO_file_open
0 34 4 4 6 0 0 7 0 0
fn=_IO_file_read
0 30 1 1 10 0 0 0 0 0
fn=_IO_file_stat
0 5 1 1 1 0 0 0 0 0
fn=_IO_file_underflow@@GLIBC_2.2.5
0 307 7 7 97 0 0 71 0 0
fn=_IO_flush_all_lockp
0 127 12 12 39 13 3 20 1 0
fn=_IO_link_in
0 115 9 9 43 4 1 22 0 0
fn=_IO_new_file_init_internal
0 9 2 2 3 0 0 4 0 0
fn=_IO_no_init
0 1299 3 3 280 0 0 460 2 2
fn=_IO_old_init
0 1458 3 3 168 1 1 898 2 2
fn=_IO_setb
0 1601 1 1 400 0 0 400 0 0
fn=_IO_sputbackc
0 4180 3 3 1540 0 0 660 0 0
fn=_IO_str_init_static_internal
0 1980 3 3 275 0 0 715 0 0
fn=_IO_switch_to_get_mode
0 125 3 3 40 0 0 35 0 0
fn=_IO_un_link
0 8 1 1 3 0 0 0 0 0
fn=_IO_unsave_markers
0 6 2 2 3 0 0 0 0 0
fn=_ZN3std9panicking3try7do_call17h8ec51d05a44c1b61E.llvm.3493473796922392844
0 31 4 2 13 0 0 13 0 0
fn=_ZN3std9panicking3try7do_call17hbb8b3254ed7eee5bE.llvm.3493473796922392844
0 33 4 3 14 1 0 14 2 0
fn=_ZN4clap4args11arg_matcher10ArgMatcher21fill_in_global_values17h39d5d2351ba3cc3eE.llvm.17563158308941857843
0 40 5 5 14 0 0 11 0 0
fn=_ZN4core3ptr18real_drop_in_place17h3201ce526b899a65E.llvm.9284144317972815414
0 224 6 6 80 1 0 28 0 0
fn=_ZN4core3ptr18real_drop_in_place17h61df8420c6f9b2beE.llvm.5197466308707993012
0 152 4 4 56 0 0 8 0 0
fn=_ZN4core3ptr18real_drop_in_place17h61df8420c6f9b2beE.llvm.9036594773058011440
0 133 3 3 49 0 0 7 0 0
fn=_ZN4core3ptr18real_drop_in_place17h61df8420c6f9b2beE.llvm.9284144317972815414
0 323 4 4 119 1 0 17 0 0
fn=_ZN4core3ptr18real_drop_in_place17hc835d2a383494446E.llvm.725196394814658582
0 10 1 1 4 1 0 3 0 0
fn=_ZN4ruwi20interface_management15bring_interface17h633e4c425f6389d6E.llvm.9783152781260278600
0 155 17 16 36 0 0 62 7 7
fn=_ZN75_$LT$core..str..Lines$u20$as$u20$core..iter..traits..iterator..Iterator$GT$4next17h365748abe87a2d45E.llvm.9783152781260278600
0 23736 75 6 8254 0 0 4137 0 0
fn=_ZN80_$LT$core..str..pattern..StrSearcher$u20$as$u20$core..str..pattern..Searcher$GT$4next17h78f384c21c769178E.llvm.13658141001526791765
0 12754 271 10 3267 0 0 1867 0 0
fn=_ZN81_$LT$std..collections..hash..map..DefaultHasher$u20$as$u20$core..hash..Hasher$GT$5write17hce30e4f96ad2e64eE.llvm.3493473796922392844
0 12948 231 8 2058 7 2 1266 0 0
fn=_ZN9hashbrown3raw17RawTable$LT$T$GT$14reserve_rehash17h83735924986985c1E.llvm.17563158308941857843
0 489 13 13 129 1 0 106 2 1
fn=__GI__IO_un_link.part.0
0 73 9 9 23 0 0 14 0 0
fn=__GI___close_nocancel
0 36 1 1 6 0 0 0 0 0
fn=__GI___tunables_init
0 19264 5 5 3781 28 28 6 1 1
fn=__GI_strstr
0 34 3 3 11 1 1 8 0 0
fn=____strtoul_l_internal
0 27180 12 12 3202 5 4 1210 1 0
fn=__alloc_dir
0 40 4 4 7 0 0 12 1 1
fn=__bsd_signal.part.0
0 91 3 3 7 1 1 20 0 0
fn=__call_tls_dtors
0 95 5 2 47 1 0 18 0 0
fn=__close_nocancel
0 12 4 2 2 0 0 0 0 0
fn=__ctype_init
0 51 4 2 30 7 0 9 0 0
fn=__cxa_atexit
0 3 1 1 0 0 0 0 0 0
fn=__cxa_finalize
0 315 8 7 90 2 0 35 0 0
fn=__cxa_thread_atexit_impl
0 180 12 4 60 4 0 56 0 0
fn=__deallocate_stack
0 74 4 4 22 1 0 24 1 0
fn=__default_morecore
0 16 1 1 2 0 0 2 0 0
fn=__errno_location
0 4 1 1 3 0 0 0 0 0
fn=__fcntl64_nocancel_adjusted
0 16 2 1 4 0 0 1 0 0
fn=__fopen_internal
0 43 4 4 7 1 0 11 1 1
fn=__free_tcb
0 26 2 1 8 1 0 2 0 0
fn=__getdents
0 18 4 2 2 0 0 0 0 0
fn=__init_misc
0 25 2 2 7 1 0 5 1 0
fn=__internal_atexit
0 40 3 3 11 1 1 10 1 0
fn=__isoc99_sscanf
0 2750 5 5 385 0 0 935 0 0
fn=__libc_csu_init
0 34 2 2 8 1 0 8 0 0
fn=__libc_disable_asynccancel
0 13 1 1 3 0 0 0 0 0
fn=__libc_enable_asynccancel
0 12 2 2 3 0 0 0 0 0
fn=__libc_pthread_init
0 380 2 2 106 7 0 56 7 7
fn=__libc_scratch_buffer_set_array_size
0 90 3 3 25 0 0 15 0 0
fn=__libc_sigaction
0 279 15 12 81 0 0 71 3 1
fn=__libc_thread_freeres
0 14 1 1 0 0 0 6 0 0
fn=__malloc_arena_thread_freeres
0 1292 10 5 302 3 0 162 0 0
fn=__memchr_sse2
0 8366 34 13 846 17 17 0 0 0
fn=__memcmp_sse4_1
0 5302 21 12 1373 4 2 0 0 0
fn=__memcpy_sse2_unaligned_erms
0 65292 25 8 19980 15 7 18092 377 298
fn=__memset_sse2_unaligned
0 805 5 2 7 0 0 14 1 1
fn=__memset_sse2_unaligned_erms
0 2604 6 3 72 0 0 1356 11 5
fn=__new_exitfn
0 32 4 4 8 2 0 5 0 0
fn=__open_nocancel
0 410 7 5 25 0 0 32 2 2
fn=__posix_spawn_file_actions_realloc
0 40 2 1 10 0 0 10 0 0
fn=__pthread_disable_asynccancel
0 5655 2 2 1305 1 0 0 0 0
fn=__pthread_enable_asynccancel
0 5220 2 2 1305 1 0 0 0 0
fn=__pthread_get_minstack
0 12 2 1 8 1 0 0 0 0
fn=__pthread_initialize_minimal
0 206 14 14 24 4 0 56 6 2
fn=__pthread_mutex_unlock_usercnt
0 759 9 3 222 2 0 31 0 0
fn=__pthread_once_slow
0 47 4 4 10 1 1 8 0 0
fn=__pthread_timedjoin_ex
0 145 11 7 37 5 0 26 1 0
fn=__pthread_tunables_init
0 14 2 2 4 0 0 2 0 0
fn=__rawmemchr_sse2
0 2588 7 7 383 0 0 0 0 0
fn=__read_nocancel
0 108 2 2 18 0 0 0 0 0
fn=__register_atfork
0 43 3 3 10 1 1 11 1 1
fn=__res_thread_freeres
0 20 4 2 10 3 2 4 0 0
fn=__resolv_context_freeres
0 18 2 1 8 0 0 4 0 0
fn=__rpc_thread_destroy
0 24 3 2 10 1 0 4 0 0
fn=__run_exit_handlers
0 116 11 11 28 5 0 15 0 0
fn=__rust_alloc
0 586 1 1 0 0 0 0 0 0
fn=__rust_dealloc
0 585 0 0 0 0 0 0 0 0
fn=__rust_realloc
0 636 1 1 0 0 0 0 0 0
fn=__sigjmp_save
0 45 3 1 10 0 0 10 0 0
fn=__sigsetjmp
0 381 7 5 85 2 0 148 4 4
fn=__spawn_valid_fd
0 104 2 1 16 0 0 16 0 0
fn=__spawni
0 24 2 1 4 0 0 6 0 0
fn=__spawnix
0 324 22 11 66 4 0 84 4 4
fn=__strchr_sse2
0 24 3 3 3 1 1 0 0 0
fn=__strerror_thread_freeres
0 8 2 2 4 0 0 0 0 0
fn=__strlen_sse2
0 2872 85 3 367 4 1 0 0 0
fn=__strncmp_sse42
0 135 9 9 20 2 1 0 0 0
fn=__strrchr_sse2
0 55 5 5 5 2 0 0 0 0
fn=__strtoul_internal
0 440 1 1 220 0 0 0 0 0
fn=__tunable_get_val
0 545 4 2 112 21 0 28 0 0
fn=__underflow
0 174 4 4 55 1 0 11 0 0
fn=__unregister_atfork
0 165 5 5 50 2 0 5 0 0
fn=__vfscanf_internal
0 61037 53 53 17208 11 6 8055 8 0
fn=_dl_add_to_namespace_list
0 259 2 2 68 1 1 47 1 1
fn=_dl_add_to_slotinfo
0 42 3 3 16 4 0 10 0 0
fn=_dl_addr
0 66742 10 10 14299 1088 710 17 1 0
fn=_dl_addr_inside_object
0 372 10 3 90 27 0 0 0 0
fn=_dl_allocate_tls
0 16 2 2 0 0 0 2 0 0
fn=_dl_allocate_tls_init
0 393 14 6 114 9 0 57 1 1
fn=_dl_allocate_tls_storage
0 324 4 4 6 0 0 295 37 37
fn=_dl_cache_libcmp
0 3226 3 3 502 28 28 0 0 0
fn=_dl_catch_error
0 81 8 4 27 0 0 23 0 0
fn=_dl_catch_exception
0 478 8 5 108 2 0 184 5 4
fn=_dl_cet_check
0 2 1 1 0 0 0 0 0 0
fn=_dl_check_all_versions
0 111 2 2 19 0 0 11 0 0
fn=_dl_check_map_versions
0 7039 19 19 2385 57 50 666 40 39
fn=_dl_count_modids
0 6 2 2 3 0 0 0 0 0
fn=_dl_debug_initialize
0 72 6 3 22 1 0 4 0 0
fn=_dl_debug_state
0 4 0 0 2 0 0 0 0 0
fn=_dl_determine_tlsoffset
0 101 6 6 18 0 0 10 0 0
fn=_dl_discover_osversion
0 74 4 4 11 1 1 4 1 1
fn=_dl_dst_count
0 234 2 2 78 0 0 78 3 3
fn=_dl_find_dso_for_object
0 275 18 3 92 17 0 34 0 0
fn=_dl_fini
0 441 12 12 142 46 0 49 7 0
fn=_dl_get_tls_static_info
0 6 0 0 3 0 0 2 1 1
fn=_dl_important_hwcaps
0 588 22 22 80 0 0 83 5 5
fn=_dl_init
0 111 5 5 33 3 0 14 0 0
fn=_dl_init_paths
0 666 12 12 82 0 0 35 2 2
fn=_dl_load_cache_lookup
0 1139 17 17 201 29 29 127 0 0
fn=_dl_lookup_symbol_x
0 78180 25 11 16997 224 177 8625 11 1
fn=_dl_map_object
0 2196 23 23 474 0 0 298 5 5
fn=_dl_map_object_deps
0 2233 31 31 437 13 2 215 11 11
fn=_dl_map_object_from_fd
0 5655 53 52 1281 47 47 598 49 49
fn=_dl_name_match_p
0 3238 2 2 805 0 0 468 2 2
fn=_dl_new_object
0 1193 13 13 218 7 7 226 39 39
fn=_dl_next_ld_env_entry
0 305 2 2 105 0 0 2 0 0
fn=_dl_next_tls_modid
0 7 2 2 3 0 0 1 0 0
fn=_dl_process_pt_note
0 573 11 11 151 0 0 75 6 6
fn=_dl_protect_relro
0 147 2 2 42 0 0 14 0 0
fn=_dl_receive_error
0 17 2 2 5 0 0 7 0 0
fn=_dl_relocate_object
0 161986 54 54 38745 4013 3869 13580 2610 2548
fn=_dl_setup_hash
0 168 2 2 49 7 7 42 1 1
fn=_dl_sort_maps
0 1175 18 9 303 6 0 66 0 0
fn=_dl_start
0 1072 20 19 255 40 38 87 38 38
fn=_dl_sym
0 8 2 1 0 0 0 0 0 0
fn=_dl_sysdep_read_whole_file
0 43 3 3 6 0 0 9 1 1
fn=_dl_sysdep_start
0 596 31 30 138 18 15 77 8 8
fn=_dl_sysdep_start_cleanup
0 2 1 1 1 0 0 0 0 0
fn=_dl_unload_cache
0 11 1 1 3 1 0 2 0 0
fn=_dl_vdso_vsym
0 70 2 2 30 4 0 5 0 0
fn=_fxstat
0 88 5 3 8 0 0 0 0 0
fn=_init
0 106 6 6 16 4 0 17 4 4
fn=_int_free
0 65149 144 25 19057 19 0 9517 1 0
fn=_int_malloc
0 55264 100 48 10083 23 3 8876 131 119
fn=_int_realloc
0 37122 51 10 7463 0 0 5337 62 62
fn=_pthread_cleanup_pop
0 18 3 0 6 1 0 3 0 0
fn=_pthread_cleanup_pop_restore
0 590 4 2 236 0 0 59 0 0
fn=_pthread_cleanup_push
0 21 2 1 6 0 0 12 0 0
fn=_pthread_cleanup_push_defer
0 1003 3 2 236 1 0 295 0 0
fn=_setjmp
0 9 2 1 0 0 0 0 0 0
fn=_start
0 12 1 1 2 1 0 3 0 0
fn=_xstat
0 109 1 1 8 0 0 7 0 0
fn=access
0 9 1 1 1 0 0 1 0 0
fn=alloc::collections::btree::map::BTreeMap<K,V>::values
0 18 3 3 5 1 1 8 0 0
fn=alloc::raw_vec::RawVec<T,A>::double
0 3296 3 3 824 0 0 824 0 0
fn=alloc::raw_vec::RawVec<T,A>::reserve
0 17672 79 13 3740 0 0 3711 2 2
fn=alloc::slice::merge_sort
0 42 2 2 14 0 0 16 1 1
fn=alloc::str::<impl alloc::slice::Join<&str> for [S]>::join
0 185 9 9 47 0 0 28 0 0
fn=alloc::string::String::push
0 13883 2 2 5525 0 0 3284 0 0
fn=alloc::sync::Arc<T>::drop_slow
0 121 11 11 62 2 0 25 1 0
fn=allocate_dtv
0 57 4 2 12 0 0 15 0 0
fn=arena_get2.part.0
0 202 15 13 56 1 0 32 6 6
fn=bcmp
0 33 2 2 12 0 0 0 0 0
fn=brk
0 32 4 4 5 0 0 3 1 1
fn=call_init.part.0
0 346 4 4 119 29 0 56 0 0
fn=calloc
0 805 47 16 144 1 0 62 0 0
fn=check_match
0 22896 10 6 7613 474 241 2694 3 1
fn=check_stdfiles_vtables
0 12 2 2 7 3 0 0 0 0
fn=clap::app::App::get_matches
0 61 8 8 22 0 0 18 3 1
fn=clap::app::App::get_matches_from_safe_borrow
0 204 20 19 63 10 0 70 1 1
fn=clap::app::App::new
0 47 4 4 11 0 0 14 0 0
fn=clap::app::meta::AppMeta::with_name
0 55 7 7 11 0 0 40 5 5
fn=clap::app::parser::Parser::add_arg
0 1066 14 14 387 2 0 188 0 0
fn=clap::app::parser::Parser::add_arg_groups
0 285 2 2 120 0 0 105 1 1
fn=clap::app::parser::Parser::add_defaults
0 460 16 16 152 2 2 55 1 1
fn=clap::app::parser::Parser::add_env
0 72 5 5 27 0 0 11 1 1
fn=clap::app::parser::Parser::add_single_val_to_arg
0 232 6 6 80 2 0 60 0 0
fn=clap::app::parser::Parser::add_val_to_arg
0 144 3 3 36 0 0 32 1 1
fn=clap::app::parser::Parser::create_help_and_version
0 576 23 23 135 0 0 45 5 5
fn=clap::app::parser::Parser::derive_display_order
0 17 3 3 6 1 0 4 0 0
fn=clap::app::parser::Parser::get_matches_with
0 248 26 25 71 3 0 42 14 14
fn=clap::app::parser::Parser::groups_for_arg
0 198 3 3 72 0 0 63 0 0
fn=clap::app::parser::Parser::propagate_globals
0 18 2 2 8 0 0 7 1 1
fn=clap::app::parser::Parser::propagate_settings
0 18 2 2 8 0 0 7 0 0
fn=clap::app::parser::Parser::remove_overrides
0 19 2 2 8 0 0 7 1 1
fn=clap::app::parser::Parser::with_name
0 72 7 7 17 1 0 41 2 2
fn=clap::app::settings::AppFlags::is_set
0 154 6 6 54 3 3 0 0 0
fn=clap::app::usage::create_help_usage
0 308 35 35 90 0 0 56 0 0
fn=clap::app::usage::create_usage_no_title
0 29 5 5 8 0 0 7 0 0
fn=clap::app::usage::create_usage_with_title
0 67 5 5 21 2 2 19 0 0
fn=clap::app::usage::get_required_usage_from
0 211 31 31 49 0 0 72 1 1
fn=clap::app::validator::Validator::validate
0 814 33 33 271 4 1 88 2 2
fn=clap::app::validator::Validator::validate_matched_args
0 973 40 40 336 5 0 183 0 0
fn=clap::app::validator::Validator::validate_required
0 35 5 5 12 0 0 12 0 0
fn=clap::args::arg::Arg::default_value
0 100 2 2 28 0 0 32 0 0
fn=clap::args::arg::Arg::help
0 135 1 1 45 0 0 60 0 0
fn=clap::args::arg::Arg::long
0 555 4 4 105 3 3 120 0 0
fn=clap::args::arg::Arg::possible_values
0 324 7 7 73 0 0 69 1 1
fn=clap::args::arg::Arg::short
0 602 5 5 126 14 14 98 0 0
fn=clap::args::arg::Arg::takes_value
0 184 2 2 48 1 0 40 0 0
fn=clap::args::arg::Arg::with_name
0 1380 12 12 270 2 2 885 13 13
fn=clap::args::arg_matcher::ArgMatcher::add_index_to
0 208 6 6 72 0 0 60 0 0
fn=clap::args::arg_matcher::ArgMatcher::add_val_to
0 504 11 11 176 1 0 148 3 3
fn=clap::args::arg_matcher::ArgMatcher::needs_more_vals
0 288 7 7 84 0 0 56 0 0
fn=clap::args::arg_matcher::ArgMatcher::process_arg_overrides
0 19 2 2 7 0 0 8 1 1
fn=clap::args::arg_matches::ArgMatches::value_of
0 456 13 7 132 3 0 100 0 0
fn=clap::args::settings::ArgFlags::is_set
0 104 2 2 36 2 2 0 0 0
fn=clap::args::settings::ArgFlags::set
0 60 1 1 36 1 1 0 0 0
fn=clone
0 90 2 2 12 0 0 10 4 4
fn=close
0 1271 120 2 268 0 0 260 0 0
fn=closedir
0 9 2 1 2 0 0 2 0 0
fn=core::ops::function::FnOnce::call_once{{vtable-shim}}
0 155 17 14 68 6 0 62 7 5
fn=core::ops::function::impls::<impl core::ops::function::FnMut<A> for &mut F>::call_mut
0 66 2 2 9 0 0 1 0 0
fn=core::ptr::real_drop_in_place
0 1349 57 49 443 0 0 202 0 0
fn=core::slice::<impl [T]>::copy_from_slice
0 702 9 6 70 0 0 140 2 2
fn=create_thread
0 96 8 5 24 0 0 16 0 0
fn=dl_cet_check
0 31 4 4 9 0 0 6 0 0
fn=dl_main
0 1453 76 76 375 55 26 158 20 19
fn=dlsym
0 66 7 4 26 3 0 18 0 0
fn=do_lookup_x
0 143577 43 16 47135 735 290 21275 12 5
fn=do_preload
0 28 2 2 7 0 0 8 0 0
fn=do_sym
0 144 11 6 44 4 0 24 2 0
fn=dso_name_valid_for_suid
0 11 1 1 4 0 0 1 0 0
fn=elision_init
0 37 3 3 6 0 0 8 0 0
fn=exit
0 6 1 1 0 0 0 1 0 0
fn=expand_dynamic_string_token
0 36 2 2 10 0 0 12 0 0
fn=fclose@@GLIBC_2.2.5
0 58 7 7 16 0 0 7 0 0
fn=fcntl
0 21 2 2 4 0 0 6 0 0
fn=fcntl@GLIBC_2.2.5
0 18 2 2 4 0 0 6 0 0
fn=fillin_rpath
0 152 11 11 27 0 0 43 0 0
fn=fopen@@GLIBC_2.2.5
0 3 1 1 0 0 0 0 0 0
fn=free
0 16238 5 4 4120 5 0 73 0 0
fn=get_common_indices.constprop.0
0 93 8 8 12 0 0 20 1 1
fn=get_free_list
0 22 4 2 10 0 0 6 0 0
fn=getdelim
0 4463 10 10 1191 0 0 684 0 0
fn=getdtablesize
0 128 4 2 40 0 0 16 0 0
fn=getenv
0 329 4 4 105 26 0 10 0 0
fn=getpagesize
0 60 3 1 30 0 0 0 0 0
fn=getrlimit
0 100 3 1 10 0 0 0 0 0
fn=gettimeofday
0 134 4 4 8 1 0 8 0 0
fn=gnu_get_libc_version
0 6 2 1 2 0 0 0 0 0
fn=handle_intel.constprop.0
0 177 5 5 36 0 0 45 0 0
fn=handle_preload_list
0 55 3 3 11 0 0 12 1 1
fn=hashbrown::map::HashMap<K,V,S>::contains_key
0 938 9 9 154 0 0 112 0 0
fn=hashbrown::map::HashMap<K,V,S>::insert
0 3842 183 6 1001 1 0 712 0 0
fn=hashbrown::map::make_hash
0 13860 36 24 1990 2 1 1450 2 2
fn=hashbrown::raw::RawTable<T>::insert
0 3359 94 6 924 0 0 510 7 7
fn=hashbrown::raw::RawTable<T>::reserve_rehash
0 2932 19 13 592 1 0 461 30 30
fn=hashbrown::raw::RawTable<T>::try_with_capacity
0 549 27 9 99 1 0 153 1 1
fn=hashbrown::rustc_entry::<impl hashbrown::map::HashMap<K,V,S>>::rustc_entry
0 588 7 7 128 1 0 167 4 4
fn=index
0 788 9 9 113 11 11 0 0 0
fn=init_cacheinfo
0 246 15 15 20 1 0 21 3 3
fn=init_tls
0 93 5 5 21 7 1 14 1 1
fn=intel_check_word.isra.0
0 1295 8 8 111 6 6 24 0 0
fn=ioctl
0 36 2 1 6 0 0 0 0 0
fn=lseek
0 48 1 1 8 0 0 0 0 0
fn=madvise
0 12 1 1 2 0 0 0 0 0
fn=main
0 8 1 1 1 1 0 3 0 0
fn=malloc
0 29572 22 15 8293 8 0 3448 3 3
fn=malloc_consolidate
0 6288 8 6 2165 0 0 758 0 0
fn=malloc_hook_ini
0 12 2 2 3 1 1 3 0 0
fn=malloc_init_state
0 1939 4 2 5 0 0 769 98 97
fn=map_doit
0 15 2 2 5 0 0 3 0 0
fn=memchr
0 20 1 1 6 0 0 0 0 0
fn=memcpy
0 909 7 4 265 5 2 193 26 26
fn=memcpy@@GLIBC_2.14
0 84 4 4 24 0 0 0 0 0
fn=memcpy@GLIBC_2.2.5
0 8805 2 1 615 0 0 410 2 2
fn=memmove
0 63 3 3 18 1 0 0 0 0
fn=mempcpy
0 214 4 3 12 1 0 0 0 0
fn=memrchr
0 20 2 2 6 0 0 0 0 0
fn=memset
0 1461 12 6 47 2 0 630 141 141
fn=mmap
0 646 6 4 102 0 0 68 2 2
fn=mprotect
0 72 2 2 12 0 0 0 0 0
fn=munmap
0 54 4 1 9 0 0 0 0 0
fn=new_heap
0 109 6 6 16 0 0 20 3 3
fn=open
0 2623 68 5 549 0 0 488 0 0
fn=open_path
0 1097 15 15 368 0 0 160 5 5
fn=open_verify.constprop.0
0 1735 19 19 431 21 21 192 3 3
fn=openaux
0 198 1 1 88 0 0 33 1 1
fn=opendir
0 10 2 2 1 0 0 1 0 0
fn=opendir_tail
0 32 2 2 7 0 0 5 0 0
fn=poll
0 32 4 3 8 0 0 6 0 0
fn=posix_spawn_file_actions_adddup2
0 140 6 3 30 0 0 38 1 1
fn=posix_spawn_file_actions_destroy
0 78 4 2 18 0 0 6 0 0
fn=posix_spawn_file_actions_init
0 18 2 1 2 0 0 10 0 0
fn=posix_spawnattr_destroy
0 6 0 0 2 0 0 0 0 0
fn=posix_spawnattr_init
0 106 3 2 2 0 0 86 0 0
fn=posix_spawnattr_setflags
0 14 0 0 2 0 0 2 0 0
fn=posix_spawnattr_setsigdefault
0 38 4 2 18 0 0 16 0 0
fn=posix_spawnattr_setsigmask
0 38 4 2 18 0 0 16 0 0
fn=posix_spawnp@@GLIBC_2.15
0 12 2 1 2 0 0 4 0 0
fn=pthread_attr_destroy
0 35 4 1 10 0 0 5 0 0
fn=pthread_attr_getguardsize
0 10 1 1 4 0 0 2 0 0
fn=pthread_attr_getstack
0 27 2 1 9 0 0 6 0 0
fn=pthread_attr_init@@GLIBC_2.2.5
0 70 2 1 10 0 0 35 0 0
fn=pthread_attr_setstacksize
0 14 2 1 2 0 0 2 0 0
fn=pthread_cond_destroy@@GLIBC_2.3.2
0 69 3 2 12 2 0 3 0 0
fn=pthread_cond_init@@GLIBC_2.3.2
0 45 4 2 9 0 0 9 0 0
fn=pthread_condattr_destroy
0 9 0 0 3 0 0 0 0 0
fn=pthread_condattr_init
0 12 2 1 3 0 0 3 0 0
fn=pthread_condattr_setclock
0 33 3 1 6 0 0 3 0 0
fn=pthread_create@@GLIBC_2.2.5
0 486 30 25 120 4 0 123 19 18
fn=pthread_getaffinity_np@@GLIBC_2.3.4
0 60 4 2 6 0 0 3 0 0
fn=pthread_getattr_np
0 1657 19 14 405 4 0 173 7 4
fn=pthread_getspecific
0 32 2 2 8 2 0 0 0 0
fn=pthread_join
0 8 1 1 0 0 0 0 0 0
fn=pthread_key_create
0 18 3 3 3 1 0 2 0 0
fn=pthread_mutex_destroy
0 44 1 1 12 3 0 4 0 0
fn=pthread_mutex_init
0 188 12 3 40 0 0 36 0 0
fn=pthread_mutex_lock
0 891 26 5 266 12 4 71 0 0
fn=pthread_mutex_unlock
0 93 3 1 0 0 0 0 0 0
fn=pthread_mutexattr_destroy
0 12 0 0 4 0 0 0 0 0
fn=pthread_mutexattr_init
0 16 4 1 4 0 0 4 0 0
fn=pthread_mutexattr_settype
0 52 4 1 8 0 0 4 0 0
fn=pthread_once
0 11 2 1 3 1 0 0 0 0
fn=pthread_self@GLIBC_2.2.5
0 9 2 1 6 0 0 0 0 0
fn=pthread_setcancelstate
0 118 6 3 20 0 0 6 0 0
fn=pthread_setspecific
0 35 3 3 7 0 0 7 1 0
fn=ptmalloc_init.part.0
0 79 7 7 11 6 1 18 2 0
fn=rawmemchr
0 10 2 2 3 0 0 0 0 0
fn=read
0 7040 69 2 1836 0 0 1824 0 0
fn=readdir_r
0 5312 11 8 1637 37 37 1166 1 1
fn=realloc
0 60379 21 13 13328 2 0 4495 3 3
fn=realloc_hook_ini
0 19 2 2 5 0 0 4 0 0
fn=rindex
0 20 1 1 6 0 0 0 0 0
fn=rtld_lock_default_lock_recursive
0 18 1 1 12 1 1 0 0 0
fn=rtld_lock_default_unlock_recursive
0 18 0 0 12 0 0 0 0 0
fn=ruwi::cmdline_parser::get_options
0 946 101 99 174 8 0 235 13 2
fn=ruwi::find_known_network_names::find_known_network_names
0 99 13 11 35 8 1 38 4 1
fn=ruwi::get_default_interface::get_default_interface
0 110 14 13 28 0 0 37 0 0
fn=ruwi::main
0 25 4 3 6 2 0 13 1 0
fn=ruwi::run_commands::run_command_impl
0 238 23 11 68 4 0 72 6 6
fn=ruwi::run_commands::run_command_output
0 80 12 6 24 0 0 32 2 2
fn=ruwi::run_commands::run_command_pass_stdout
0 178 19 12 55 2 0 60 0 0
fn=ruwi::run_ruwi
0 75 13 12 31 6 0 22 4 0
fn=ruwi::scan::wifi_scan
0 55 10 9 17 0 0 14 1 1
fn=ruwi::scan_and_select_network
0 295 38 36 120 3 0 129 16 0
fn=ruwi::scan_and_select_network_with_retry
0 27 4 3 9 1 0 8 4 0
fn=sbrk
0 69 5 5 19 3 1 10 1 0
fn=sigaction
0 24 2 2 0 0 0 0 0 0
fn=sigaddset
0 28 4 2 4 0 0 0 0 0
fn=sigaltstack
0 54 4 1 9 0 0 0 0 0
fn=sigemptyset
0 58 4 2 2 0 0 34 0 0
fn=signal
0 10 1 1 0 0 0 0 0 0
fn=start_thread
0 176 13 9 52 5 0 34 6 4
fn=std::io::append_to_string
0 2196 6 4 915 0 0 549 0 0
fn=std::io::read_to_end
0 10525 6 6 3305 0 0 1932 0 0
fn=std::rt::lang_start::{{closure}}
0 2 0 0 1 1 0 2 0 0
fn=std::sys_common::backtrace::__rust_begin_short_backtrace
0 78 10 8 32 1 0 22 0 0
fn=std::thread::JoinHandle<T>::join
0 120 12 11 48 4 0 38 2 0
fn=std::thread::spawn
0 272 27 26 121 4 1 115 9 0
fn=stpcpy
0 12 1 1 4 0 0 0 0 0
fn=stpncpy
0 12 2 2 4 0 0 0 0 0
fn=strcasecmp
0 6 2 2 3 0 0 0 0 0
fn=strcasecmp_l
0 6 1 1 3 0 0 0 0 0
fn=strcat
0 12 2 2 4 0 0 0 0 0
fn=strchrnul
0 10 1 1 3 0 0 0 0 0
fn=strcmp
0 41366 78 65 7299 310 158 0 0 0
fn=strcpy
0 24 1 1 8 1 0 0 0 0
fn=strcspn
0 227 4 4 103 1 1 34 4 4
fn=strdup
0 108 1 1 12 0 0 24 0 0
fn=strlen
0 1051 9 8 177 5 5 0 0 0
fn=strncasecmp
0 6 1 1 3 0 0 0 0 0
fn=strncasecmp_l
0 6 2 2 3 0 0 0 0 0
fn=strncmp
0 15 2 2 5 0 0 0 0 0
fn=strncpy
0 12 2 2 4 0 0 0 0 0
fn=strnlen
0 20 2 2 6 0 0 0 0 0
fn=strpbrk
0 7 1 1 3 0 0 0 0 0
fn=strsep
0 1279 3 3 205 1 1 1 0 0
fn=strspn
0 7 1 1 3 0 0 0 0 0
fn=syscall
0 868 63 1 145 1 1 1 0 0
fn=sysconf
0 342 18 8 81 3 2 54 0 0
fn=sysmalloc
0 147 16 16 34 4 2 26 4 2
fn=tcache_init.part.0
0 360 10 6 25 0 0 256 27 27
fn=time
0 67 4 4 4 1 1 4 0 0
fn=uname
0 6 1 1 1 0 0 0 0 0
fn=unescape::unescape
0 14871 9 9 2247 0 0 2247 0 0
fn=unlink_chunk.isra.0
0 1667 6 2 650 0 0 186 0 0
fn=version_check_doit
0 11 1 1 4 0 0 2 0 0
fn=waitpid
0 34 3 2 8 0 0 6 0 0
fn=wcschr
0 20 1 1 6 0 0 0 0 0
fn=wcscmp
0 10 1 1 3 0 0 0 0 0
fn=wcscpy
0 7 1 1 3 0 0 0 0 0
fn=wcslen
0 10 2 2 3 0 0 0 0 0
fn=wcsnlen
0 13 2 2 4 0 0 0 0 0
fn=wmemchr
0 20 1 1 6 0 0 0 0 0
fn=wmemcmp
0 11 2 2 4 0 0 0 0 0
fn=wmemset
0 22 2 2 6 0 0 0 0 0
fn=write
0 69 3 2 18 0 0 18 1 0
summary: 1481866 6931 3333 359069 8149 5975 186117 4226 3915
